{"E:\\OtusProj\\Calendar\\src\\FB\\CRUD.ts": {"path":"E:\\OtusProj\\Calendar\\src\\FB\\CRUD.ts","statementMap":{"0":{"start":{"line":17,"column":18},"end":{"line":17,"column":43}},"1":{"start":{"line":18,"column":4},"end":{"line":26,"column":31}},"2":{"start":{"line":21,"column":8},"end":{"line":23,"column":9}},"3":{"start":{"line":22,"column":10},"end":{"line":22,"column":32}},"4":{"start":{"line":24,"column":8},"end":{"line":24,"column":48}},"5":{"start":{"line":26,"column":24},"end":{"line":26,"column":29}},"6":{"start":{"line":30,"column":4},"end":{"line":36,"column":31}},"7":{"start":{"line":35,"column":18},"end":{"line":35,"column":32}},"8":{"start":{"line":36,"column":24},"end":{"line":36,"column":29}},"9":{"start":{"line":40,"column":4},"end":{"line":43,"column":31}},"10":{"start":{"line":42,"column":18},"end":{"line":42,"column":22}},"11":{"start":{"line":43,"column":24},"end":{"line":43,"column":29}},"12":{"start":{"line":47,"column":4},"end":{"line":53,"column":31}},"13":{"start":{"line":52,"column":18},"end":{"line":52,"column":32}},"14":{"start":{"line":53,"column":24},"end":{"line":53,"column":29}}},"fnMap":{"0":{"name":"(anonymous_0)","decl":{"start":{"line":16,"column":2},"end":{"line":16,"column":3}},"loc":{"start":{"line":16,"column":48},"end":{"line":27,"column":3}},"line":16},"1":{"name":"(anonymous_1)","decl":{"start":{"line":20,"column":12},"end":{"line":20,"column":13}},"loc":{"start":{"line":20,"column":26},"end":{"line":25,"column":7}},"line":20},"2":{"name":"(anonymous_2)","decl":{"start":{"line":26,"column":13},"end":{"line":26,"column":14}},"loc":{"start":{"line":26,"column":24},"end":{"line":26,"column":29}},"line":26},"3":{"name":"(anonymous_3)","decl":{"start":{"line":29,"column":2},"end":{"line":29,"column":3}},"loc":{"start":{"line":29,"column":62},"end":{"line":37,"column":3}},"line":29},"4":{"name":"(anonymous_4)","decl":{"start":{"line":35,"column":12},"end":{"line":35,"column":13}},"loc":{"start":{"line":35,"column":18},"end":{"line":35,"column":32}},"line":35},"5":{"name":"(anonymous_5)","decl":{"start":{"line":36,"column":13},"end":{"line":36,"column":14}},"loc":{"start":{"line":36,"column":24},"end":{"line":36,"column":29}},"line":36},"6":{"name":"(anonymous_6)","decl":{"start":{"line":39,"column":2},"end":{"line":39,"column":3}},"loc":{"start":{"line":39,"column":48},"end":{"line":44,"column":3}},"line":39},"7":{"name":"(anonymous_7)","decl":{"start":{"line":42,"column":12},"end":{"line":42,"column":13}},"loc":{"start":{"line":42,"column":18},"end":{"line":42,"column":22}},"line":42},"8":{"name":"(anonymous_8)","decl":{"start":{"line":43,"column":13},"end":{"line":43,"column":14}},"loc":{"start":{"line":43,"column":24},"end":{"line":43,"column":29}},"line":43},"9":{"name":"(anonymous_9)","decl":{"start":{"line":46,"column":2},"end":{"line":46,"column":3}},"loc":{"start":{"line":46,"column":62},"end":{"line":54,"column":3}},"line":46},"10":{"name":"(anonymous_10)","decl":{"start":{"line":52,"column":12},"end":{"line":52,"column":13}},"loc":{"start":{"line":52,"column":18},"end":{"line":52,"column":32}},"line":52},"11":{"name":"(anonymous_11)","decl":{"start":{"line":53,"column":13},"end":{"line":53,"column":14}},"loc":{"start":{"line":53,"column":24},"end":{"line":53,"column":29}},"line":53}},"branchMap":{"0":{"loc":{"start":{"line":21,"column":8},"end":{"line":23,"column":9}},"type":"if","locations":[{"start":{"line":21,"column":8},"end":{"line":23,"column":9}},{"start":{},"end":{}}],"line":21}},"s":{"0":0,"1":0,"2":0,"3":0,"4":0,"5":0,"6":0,"7":0,"8":0,"9":0,"10":0,"11":0,"12":0,"13":0,"14":0},"f":{"0":0,"1":0,"2":0,"3":0,"4":0,"5":0,"6":0,"7":0,"8":0,"9":0,"10":0,"11":0},"b":{"0":[0,0]},"_coverageSchema":"1a1c01bbd47fc00a2c39e90264f33305004495a9","hash":"4475f445b60440f5d710537c1f0c94ffc430068d"}
,"E:\\OtusProj\\Calendar\\src\\FB\\memory\\initialFB.ts": {"path":"E:\\OtusProj\\Calendar\\src\\FB\\memory\\initialFB.ts","statementMap":{"0":{"start":{"line":4,"column":23},"end":{"line":12,"column":1}},"1":{"start":{"line":14,"column":19},"end":{"line":14,"column":48}},"2":{"start":{"line":16,"column":24},"end":{"line":24,"column":1}},"3":{"start":{"line":25,"column":23},"end":{"line":25,"column":61}},"4":{"start":{"line":25,"column":28},"end":{"line":25,"column":61}}},"fnMap":{"0":{"name":"(anonymous_0)","decl":{"start":{"line":25,"column":23},"end":{"line":25,"column":24}},"loc":{"start":{"line":25,"column":28},"end":{"line":25,"column":61}},"line":25}},"branchMap":{},"s":{"0":1,"1":1,"2":1,"3":1,"4":0},"f":{"0":0},"b":{},"_coverageSchema":"1a1c01bbd47fc00a2c39e90264f33305004495a9","hash":"7aa4e900f4e5812687d34a02b6a2628d561e6d85"}
,"E:\\OtusProj\\Calendar\\src\\taskCreator\\curDate.ts": {"path":"E:\\OtusProj\\Calendar\\src\\taskCreator\\curDate.ts","statementMap":{"0":{"start":{"line":2,"column":15},"end":{"line":2,"column":25}},"1":{"start":{"line":3,"column":15},"end":{"line":3,"column":41}},"2":{"start":{"line":4,"column":14},"end":{"line":4,"column":37}},"3":{"start":{"line":5,"column":12},"end":{"line":5,"column":34}},"4":{"start":{"line":6,"column":2},"end":{"line":6,"column":56}},"5":{"start":{"line":6,"column":24},"end":{"line":6,"column":56}},"6":{"start":{"line":7,"column":2},"end":{"line":7,"column":38}},"7":{"start":{"line":7,"column":22},"end":{"line":7,"column":38}},"8":{"start":{"line":8,"column":2},"end":{"line":8,"column":35}}},"fnMap":{"0":{"name":"curDate","decl":{"start":{"line":1,"column":16},"end":{"line":1,"column":23}},"loc":{"start":{"line":1,"column":26},"end":{"line":9,"column":1}},"line":1}},"branchMap":{"0":{"loc":{"start":{"line":6,"column":2},"end":{"line":6,"column":56}},"type":"if","locations":[{"start":{"line":6,"column":2},"end":{"line":6,"column":56}},{"start":{},"end":{}}],"line":6},"1":{"loc":{"start":{"line":7,"column":2},"end":{"line":7,"column":38}},"type":"if","locations":[{"start":{"line":7,"column":2},"end":{"line":7,"column":38}},{"start":{},"end":{}}],"line":7}},"s":{"0":1,"1":1,"2":1,"3":1,"4":1,"5":1,"6":1,"7":0,"8":1},"f":{"0":1},"b":{"0":[1,0],"1":[0,1]},"_coverageSchema":"1a1c01bbd47fc00a2c39e90264f33305004495a9","hash":"32b13752a9006023c926bd498b1e4ba8c32de187"}
,"E:\\OtusProj\\Calendar\\src\\taskCreator\\drawToDoList.ts": {"path":"E:\\OtusProj\\Calendar\\src\\taskCreator\\drawToDoList.ts","statementMap":{"0":{"start":{"line":4,"column":2},"end":{"line":35,"column":3}},"1":{"start":{"line":5,"column":4},"end":{"line":34,"column":5}},"2":{"start":{"line":6,"column":6},"end":{"line":6,"column":44}},"3":{"start":{"line":8,"column":24},"end":{"line":10,"column":7}},"4":{"start":{"line":9,"column":18},"end":{"line":9,"column":45}},"5":{"start":{"line":11,"column":6},"end":{"line":32,"column":26}},"6":{"start":{"line":13,"column":25},"end":{"line":30,"column":73}},"7":{"start":{"line":33,"column":6},"end":{"line":33,"column":47}}},"fnMap":{"0":{"name":"drawToDoList","decl":{"start":{"line":3,"column":16},"end":{"line":3,"column":28}},"loc":{"start":{"line":3,"column":76},"end":{"line":36,"column":1}},"line":3},"1":{"name":"(anonymous_1)","decl":{"start":{"line":9,"column":8},"end":{"line":9,"column":9}},"loc":{"start":{"line":9,"column":18},"end":{"line":9,"column":45}},"line":9},"2":{"name":"(anonymous_2)","decl":{"start":{"line":13,"column":10},"end":{"line":13,"column":11}},"loc":{"start":{"line":13,"column":25},"end":{"line":30,"column":73}},"line":13}},"branchMap":{"0":{"loc":{"start":{"line":4,"column":2},"end":{"line":35,"column":3}},"type":"if","locations":[{"start":{"line":4,"column":2},"end":{"line":35,"column":3}},{"start":{},"end":{}}],"line":4},"1":{"loc":{"start":{"line":5,"column":4},"end":{"line":34,"column":5}},"type":"if","locations":[{"start":{"line":5,"column":4},"end":{"line":34,"column":5}},{"start":{"line":7,"column":11},"end":{"line":34,"column":5}}],"line":5},"2":{"loc":{"start":{"line":5,"column":8},"end":{"line":5,"column":40}},"type":"binary-expr","locations":[{"start":{"line":5,"column":8},"end":{"line":5,"column":17}},{"start":{"line":5,"column":21},"end":{"line":5,"column":40}}],"line":5},"3":{"loc":{"start":{"line":14,"column":12},"end":{"line":14,"column":58}},"type":"cond-expr","locations":[{"start":{"line":14,"column":35},"end":{"line":14,"column":46}},{"start":{"line":14,"column":49},"end":{"line":14,"column":58}}],"line":14},"4":{"loc":{"start":{"line":30,"column":21},"end":{"line":30,"column":71}},"type":"cond-expr","locations":[{"start":{"line":30,"column":59},"end":{"line":30,"column":61}},{"start":{"line":30,"column":64},"end":{"line":30,"column":71}}],"line":30}},"s":{"0":3,"1":3,"2":1,"3":2,"4":1,"5":2,"6":3,"7":2},"f":{"0":3,"1":1,"2":3},"b":{"0":[3,0],"1":[1,2],"2":[3,3],"3":[1,2],"4":[2,1]},"_coverageSchema":"1a1c01bbd47fc00a2c39e90264f33305004495a9","hash":"6bf9766979638b76049b61509547103273ea3cd5"}
,"E:\\OtusProj\\Calendar\\src\\taskCreator\\statusFilter.ts": {"path":"E:\\OtusProj\\Calendar\\src\\taskCreator\\statusFilter.ts","statementMap":{"0":{"start":{"line":5,"column":19},"end":{"line":5,"column":70}},"1":{"start":{"line":6,"column":20},"end":{"line":6,"column":48}},"2":{"start":{"line":7,"column":17},"end":{"line":7,"column":38}},"3":{"start":{"line":8,"column":2},"end":{"line":12,"column":3}},"4":{"start":{"line":9,"column":18},"end":{"line":9,"column":73}},"5":{"start":{"line":9,"column":50},"end":{"line":9,"column":72}},"6":{"start":{"line":10,"column":4},"end":{"line":10,"column":38}},"7":{"start":{"line":11,"column":4},"end":{"line":11,"column":37}},"8":{"start":{"line":13,"column":2},"end":{"line":19,"column":3}},"9":{"start":{"line":14,"column":18},"end":{"line":16,"column":5}},"10":{"start":{"line":15,"column":16},"end":{"line":15,"column":45}},"11":{"start":{"line":17,"column":4},"end":{"line":17,"column":38}},"12":{"start":{"line":18,"column":4},"end":{"line":18,"column":37}},"13":{"start":{"line":20,"column":2},"end":{"line":23,"column":3}},"14":{"start":{"line":21,"column":4},"end":{"line":21,"column":78}},"15":{"start":{"line":22,"column":4},"end":{"line":22,"column":37}}},"fnMap":{"0":{"name":"statusFilter","decl":{"start":{"line":4,"column":16},"end":{"line":4,"column":28}},"loc":{"start":{"line":4,"column":39},"end":{"line":24,"column":1}},"line":4},"1":{"name":"(anonymous_1)","decl":{"start":{"line":9,"column":40},"end":{"line":9,"column":41}},"loc":{"start":{"line":9,"column":50},"end":{"line":9,"column":72}},"line":9},"2":{"name":"(anonymous_2)","decl":{"start":{"line":15,"column":6},"end":{"line":15,"column":7}},"loc":{"start":{"line":15,"column":16},"end":{"line":15,"column":45}},"line":15}},"branchMap":{"0":{"loc":{"start":{"line":8,"column":2},"end":{"line":12,"column":3}},"type":"if","locations":[{"start":{"line":8,"column":2},"end":{"line":12,"column":3}},{"start":{},"end":{}}],"line":8},"1":{"loc":{"start":{"line":13,"column":2},"end":{"line":19,"column":3}},"type":"if","locations":[{"start":{"line":13,"column":2},"end":{"line":19,"column":3}},{"start":{},"end":{}}],"line":13},"2":{"loc":{"start":{"line":20,"column":2},"end":{"line":23,"column":3}},"type":"if","locations":[{"start":{"line":20,"column":2},"end":{"line":23,"column":3}},{"start":{},"end":{}}],"line":20}},"s":{"0":1,"1":1,"2":1,"3":1,"4":0,"5":0,"6":0,"7":0,"8":1,"9":0,"10":0,"11":0,"12":0,"13":1,"14":1,"15":1},"f":{"0":1,"1":0,"2":0},"b":{"0":[0,1],"1":[0,1],"2":[1,0]},"_coverageSchema":"1a1c01bbd47fc00a2c39e90264f33305004495a9","hash":"5c9ecf8ebeaaa5f2fba7f4e6e4d54b0e726759f3"}
,"E:\\OtusProj\\Calendar\\src\\taskCreator\\router\\router.ts": {"path":"E:\\OtusProj\\Calendar\\src\\taskCreator\\router\\router.ts","statementMap":{"0":{"start":{"line":27,"column":30},"end":{"line":27,"column":32}},"1":{"start":{"line":28,"column":20},"end":{"line":28,"column":37}},"2":{"start":{"line":29,"column":21},"end":{"line":29,"column":23}},"3":{"start":{"line":31,"column":18},"end":{"line":34,"column":49}},"4":{"start":{"line":32,"column":4},"end":{"line":34,"column":49}},"5":{"start":{"line":36,"column":25},"end":{"line":52,"column":3}},"6":{"start":{"line":42,"column":17},"end":{"line":42,"column":68}},"7":{"start":{"line":43,"column":4},"end":{"line":51,"column":5}},"8":{"start":{"line":44,"column":6},"end":{"line":47,"column":7}},"9":{"start":{"line":45,"column":8},"end":{"line":45,"column":36}},"10":{"start":{"line":46,"column":8},"end":{"line":46,"column":30}},"11":{"start":{"line":48,"column":6},"end":{"line":50,"column":7}},"12":{"start":{"line":49,"column":8},"end":{"line":49,"column":30}},"13":{"start":{"line":54,"column":29},"end":{"line":65,"column":3}},"14":{"start":{"line":55,"column":21},"end":{"line":55,"column":46}},"15":{"start":{"line":55,"column":43},"end":{"line":55,"column":45}},"16":{"start":{"line":56,"column":18},"end":{"line":61,"column":5}},"17":{"start":{"line":57,"column":26},"end":{"line":57,"column":42}},"18":{"start":{"line":58,"column":6},"end":{"line":60,"column":7}},"19":{"start":{"line":59,"column":8},"end":{"line":59,"column":67}},"20":{"start":{"line":59,"column":49},"end":{"line":59,"column":65}},"21":{"start":{"line":62,"column":4},"end":{"line":64,"column":5}},"22":{"start":{"line":62,"column":17},"end":{"line":62,"column":18}},"23":{"start":{"line":63,"column":6},"end":{"line":63,"column":14}},"24":{"start":{"line":67,"column":21},"end":{"line":77,"column":3}},"25":{"start":{"line":68,"column":28},"end":{"line":69,"column":57}},"26":{"start":{"line":69,"column":6},"end":{"line":69,"column":57}},"27":{"start":{"line":70,"column":22},"end":{"line":70,"column":78}},"28":{"start":{"line":70,"column":38},"end":{"line":70,"column":78}},"29":{"start":{"line":70,"column":63},"end":{"line":70,"column":77}},"30":{"start":{"line":72,"column":13},"end":{"line":72,"column":30}},"31":{"start":{"line":73,"column":4},"end":{"line":75,"column":5}},"32":{"start":{"line":74,"column":6},"end":{"line":74,"column":29}},"33":{"start":{"line":76,"column":4},"end":{"line":76,"column":14}},"34":{"start":{"line":79,"column":13},"end":{"line":92,"column":3}},"35":{"start":{"line":85,"column":15},"end":{"line":85,"column":27}},"36":{"start":{"line":86,"column":31},"end":{"line":86,"column":77}},"37":{"start":{"line":87,"column":4},"end":{"line":87,"column":29}},"38":{"start":{"line":88,"column":4},"end":{"line":88,"column":29}},"39":{"start":{"line":89,"column":4},"end":{"line":91,"column":6}},"40":{"start":{"line":90,"column":6},"end":{"line":90,"column":57}},"41":{"start":{"line":90,"column":43},"end":{"line":90,"column":55}},"42":{"start":{"line":94,"column":13},"end":{"line":103,"column":3}},"43":{"start":{"line":95,"column":4},"end":{"line":99,"column":5}},"44":{"start":{"line":96,"column":6},"end":{"line":96,"column":26}},"45":{"start":{"line":98,"column":6},"end":{"line":98,"column":41}},"46":{"start":{"line":100,"column":4},"end":{"line":100,"column":31}},"47":{"start":{"line":101,"column":4},"end":{"line":101,"column":36}},"48":{"start":{"line":102,"column":4},"end":{"line":102,"column":25}},"49":{"start":{"line":105,"column":2},"end":{"line":109,"column":5}},"50":{"start":{"line":106,"column":4},"end":{"line":106,"column":31}},"51":{"start":{"line":107,"column":4},"end":{"line":107,"column":36}},"52":{"start":{"line":108,"column":4},"end":{"line":108,"column":25}},"53":{"start":{"line":111,"column":2},"end":{"line":123,"column":5}},"54":{"start":{"line":112,"column":4},"end":{"line":114,"column":5}},"55":{"start":{"line":113,"column":6},"end":{"line":113,"column":13}},"56":{"start":{"line":115,"column":4},"end":{"line":115,"column":27}},"57":{"start":{"line":117,"column":16},"end":{"line":117,"column":70}},"58":{"start":{"line":119,"column":19},"end":{"line":119,"column":32}},"59":{"start":{"line":120,"column":4},"end":{"line":122,"column":5}},"60":{"start":{"line":121,"column":6},"end":{"line":121,"column":22}},"61":{"start":{"line":125,"column":2},"end":{"line":125,"column":16}}},"fnMap":{"0":{"name":"Router","decl":{"start":{"line":26,"column":16},"end":{"line":26,"column":22}},"loc":{"start":{"line":26,"column":40},"end":{"line":126,"column":1}},"line":26},"1":{"name":"(anonymous_1)","decl":{"start":{"line":31,"column":18},"end":{"line":31,"column":19}},"loc":{"start":{"line":32,"column":4},"end":{"line":34,"column":49}},"line":32},"2":{"name":"(anonymous_2)","decl":{"start":{"line":36,"column":25},"end":{"line":36,"column":26}},"loc":{"start":{"line":41,"column":18},"end":{"line":52,"column":3}},"line":41},"3":{"name":"(anonymous_3)","decl":{"start":{"line":54,"column":29},"end":{"line":54,"column":30}},"loc":{"start":{"line":54,"column":35},"end":{"line":65,"column":3}},"line":54},"4":{"name":"(anonymous_4)","decl":{"start":{"line":55,"column":35},"end":{"line":55,"column":36}},"loc":{"start":{"line":55,"column":43},"end":{"line":55,"column":45}},"line":55},"5":{"name":"(anonymous_5)","decl":{"start":{"line":56,"column":18},"end":{"line":56,"column":19}},"loc":{"start":{"line":56,"column":24},"end":{"line":61,"column":5}},"line":56},"6":{"name":"(anonymous_6)","decl":{"start":{"line":59,"column":42},"end":{"line":59,"column":43}},"loc":{"start":{"line":59,"column":49},"end":{"line":59,"column":65}},"line":59},"7":{"name":"(anonymous_7)","decl":{"start":{"line":67,"column":21},"end":{"line":67,"column":22}},"loc":{"start":{"line":67,"column":27},"end":{"line":77,"column":3}},"line":67},"8":{"name":"(anonymous_8)","decl":{"start":{"line":68,"column":28},"end":{"line":68,"column":29}},"loc":{"start":{"line":69,"column":6},"end":{"line":69,"column":57}},"line":69},"9":{"name":"(anonymous_9)","decl":{"start":{"line":70,"column":22},"end":{"line":70,"column":23}},"loc":{"start":{"line":70,"column":38},"end":{"line":70,"column":78}},"line":70},"10":{"name":"(anonymous_10)","decl":{"start":{"line":70,"column":53},"end":{"line":70,"column":54}},"loc":{"start":{"line":70,"column":63},"end":{"line":70,"column":77}},"line":70},"11":{"name":"(anonymous_11)","decl":{"start":{"line":79,"column":13},"end":{"line":79,"column":14}},"loc":{"start":{"line":84,"column":7},"end":{"line":92,"column":3}},"line":84},"12":{"name":"(anonymous_12)","decl":{"start":{"line":89,"column":11},"end":{"line":89,"column":12}},"loc":{"start":{"line":89,"column":17},"end":{"line":91,"column":5}},"line":89},"13":{"name":"(anonymous_13)","decl":{"start":{"line":90,"column":35},"end":{"line":90,"column":36}},"loc":{"start":{"line":90,"column":43},"end":{"line":90,"column":55}},"line":90},"14":{"name":"(anonymous_14)","decl":{"start":{"line":94,"column":13},"end":{"line":94,"column":14}},"loc":{"start":{"line":94,"column":46},"end":{"line":103,"column":3}},"line":94},"15":{"name":"(anonymous_15)","decl":{"start":{"line":105,"column":38},"end":{"line":105,"column":39}},"loc":{"start":{"line":105,"column":44},"end":{"line":109,"column":3}},"line":105},"16":{"name":"(anonymous_16)","decl":{"start":{"line":111,"column":42},"end":{"line":111,"column":43}},"loc":{"start":{"line":111,"column":53},"end":{"line":123,"column":3}},"line":111}},"branchMap":{"0":{"loc":{"start":{"line":32,"column":4},"end":{"line":34,"column":49}},"type":"binary-expr","locations":[{"start":{"line":32,"column":5},"end":{"line":32,"column":28}},{"start":{"line":32,"column":32},"end":{"line":32,"column":48}},{"start":{"line":33,"column":5},"end":{"line":33,"column":32}},{"start":{"line":33,"column":36},"end":{"line":33,"column":47}},{"start":{"line":34,"column":5},"end":{"line":34,"column":30}},{"start":{"line":34,"column":34},"end":{"line":34,"column":48}}],"line":32},"1":{"loc":{"start":{"line":43,"column":4},"end":{"line":51,"column":5}},"type":"if","locations":[{"start":{"line":43,"column":4},"end":{"line":51,"column":5}},{"start":{},"end":{}}],"line":43},"2":{"loc":{"start":{"line":43,"column":8},"end":{"line":43,"column":59}},"type":"binary-expr","locations":[{"start":{"line":43,"column":8},"end":{"line":43,"column":36}},{"start":{"line":43,"column":40},"end":{"line":43,"column":59}}],"line":43},"3":{"loc":{"start":{"line":44,"column":6},"end":{"line":47,"column":7}},"type":"if","locations":[{"start":{"line":44,"column":6},"end":{"line":47,"column":7}},{"start":{},"end":{}}],"line":44},"4":{"loc":{"start":{"line":48,"column":6},"end":{"line":50,"column":7}},"type":"if","locations":[{"start":{"line":48,"column":6},"end":{"line":50,"column":7}},{"start":{},"end":{}}],"line":48},"5":{"loc":{"start":{"line":58,"column":6},"end":{"line":60,"column":7}},"type":"if","locations":[{"start":{"line":58,"column":6},"end":{"line":60,"column":7}},{"start":{},"end":{}}],"line":58},"6":{"loc":{"start":{"line":95,"column":4},"end":{"line":99,"column":5}},"type":"if","locations":[{"start":{"line":95,"column":4},"end":{"line":99,"column":5}},{"start":{"line":97,"column":11},"end":{"line":99,"column":5}}],"line":95},"7":{"loc":{"start":{"line":95,"column":8},"end":{"line":95,"column":34}},"type":"binary-expr","locations":[{"start":{"line":95,"column":8},"end":{"line":95,"column":14}},{"start":{"line":95,"column":18},"end":{"line":95,"column":34}}],"line":95},"8":{"loc":{"start":{"line":112,"column":4},"end":{"line":114,"column":5}},"type":"if","locations":[{"start":{"line":112,"column":4},"end":{"line":114,"column":5}},{"start":{},"end":{}}],"line":112},"9":{"loc":{"start":{"line":120,"column":4},"end":{"line":122,"column":5}},"type":"if","locations":[{"start":{"line":120,"column":4},"end":{"line":122,"column":5}},{"start":{},"end":{}}],"line":120},"10":{"loc":{"start":{"line":120,"column":8},"end":{"line":120,"column":38}},"type":"binary-expr","locations":[{"start":{"line":120,"column":8},"end":{"line":120,"column":11}},{"start":{"line":120,"column":15},"end":{"line":120,"column":38}}],"line":120}},"s":{"0":4,"1":4,"2":4,"3":4,"4":86,"5":4,"6":83,"7":83,"8":43,"9":14,"10":14,"11":43,"12":21,"13":4,"14":48,"15":76,"16":48,"17":76,"18":76,"19":76,"20":0,"21":48,"22":48,"23":76,"24":4,"25":7,"26":7,"27":7,"28":7,"29":4,"30":7,"31":7,"32":0,"33":7,"34":4,"35":7,"36":7,"37":7,"38":7,"39":7,"40":0,"41":0,"42":4,"43":26,"44":6,"45":20,"46":26,"47":26,"48":26,"49":4,"50":22,"51":22,"52":22,"53":4,"54":26,"55":0,"56":26,"57":26,"58":26,"59":26,"60":26,"61":4},"f":{"0":4,"1":86,"2":83,"3":48,"4":76,"5":76,"6":0,"7":7,"8":7,"9":7,"10":4,"11":7,"12":0,"13":0,"14":26,"15":22,"16":26},"b":{"0":[86,22,76,38,63,26],"1":[43,40],"2":[83,40],"3":[14,29],"4":[21,22],"5":[76,0],"6":[6,20],"7":[26,6],"8":[0,26],"9":[26,0],"10":[26,26]},"_coverageSchema":"1a1c01bbd47fc00a2c39e90264f33305004495a9","hash":"a23c2d2a85f639ff24a2e4b35b82bbaa8c6dc993"}
}
