{"E:\\OtusProj\\Calendar\\src\\firebase_init\\tasksCRUD.ts": {"path":"E:\\OtusProj\\Calendar\\src\\firebase_init\\tasksCRUD.ts","statementMap":{"0":{"start":{"line":21,"column":18},"end":{"line":21,"column":43}},"1":{"start":{"line":22,"column":4},"end":{"line":30,"column":31}},"2":{"start":{"line":25,"column":8},"end":{"line":27,"column":9}},"3":{"start":{"line":26,"column":10},"end":{"line":26,"column":32}},"4":{"start":{"line":28,"column":8},"end":{"line":28,"column":48}},"5":{"start":{"line":30,"column":24},"end":{"line":30,"column":29}},"6":{"start":{"line":34,"column":4},"end":{"line":40,"column":31}},"7":{"start":{"line":39,"column":18},"end":{"line":39,"column":32}},"8":{"start":{"line":40,"column":24},"end":{"line":40,"column":29}},"9":{"start":{"line":44,"column":4},"end":{"line":47,"column":31}},"10":{"start":{"line":46,"column":18},"end":{"line":46,"column":22}},"11":{"start":{"line":47,"column":24},"end":{"line":47,"column":29}},"12":{"start":{"line":51,"column":4},"end":{"line":57,"column":31}},"13":{"start":{"line":56,"column":18},"end":{"line":56,"column":32}},"14":{"start":{"line":57,"column":24},"end":{"line":57,"column":29}}},"fnMap":{"0":{"name":"(anonymous_0)","decl":{"start":{"line":20,"column":2},"end":{"line":20,"column":3}},"loc":{"start":{"line":20,"column":49},"end":{"line":31,"column":3}},"line":20},"1":{"name":"(anonymous_1)","decl":{"start":{"line":24,"column":12},"end":{"line":24,"column":13}},"loc":{"start":{"line":24,"column":26},"end":{"line":29,"column":7}},"line":24},"2":{"name":"(anonymous_2)","decl":{"start":{"line":30,"column":13},"end":{"line":30,"column":14}},"loc":{"start":{"line":30,"column":24},"end":{"line":30,"column":29}},"line":30},"3":{"name":"(anonymous_3)","decl":{"start":{"line":33,"column":2},"end":{"line":33,"column":3}},"loc":{"start":{"line":33,"column":62},"end":{"line":41,"column":3}},"line":33},"4":{"name":"(anonymous_4)","decl":{"start":{"line":39,"column":12},"end":{"line":39,"column":13}},"loc":{"start":{"line":39,"column":18},"end":{"line":39,"column":32}},"line":39},"5":{"name":"(anonymous_5)","decl":{"start":{"line":40,"column":13},"end":{"line":40,"column":14}},"loc":{"start":{"line":40,"column":24},"end":{"line":40,"column":29}},"line":40},"6":{"name":"(anonymous_6)","decl":{"start":{"line":43,"column":2},"end":{"line":43,"column":3}},"loc":{"start":{"line":43,"column":48},"end":{"line":48,"column":3}},"line":43},"7":{"name":"(anonymous_7)","decl":{"start":{"line":46,"column":12},"end":{"line":46,"column":13}},"loc":{"start":{"line":46,"column":18},"end":{"line":46,"column":22}},"line":46},"8":{"name":"(anonymous_8)","decl":{"start":{"line":47,"column":13},"end":{"line":47,"column":14}},"loc":{"start":{"line":47,"column":24},"end":{"line":47,"column":29}},"line":47},"9":{"name":"(anonymous_9)","decl":{"start":{"line":50,"column":2},"end":{"line":50,"column":3}},"loc":{"start":{"line":50,"column":62},"end":{"line":58,"column":3}},"line":50},"10":{"name":"(anonymous_10)","decl":{"start":{"line":56,"column":12},"end":{"line":56,"column":13}},"loc":{"start":{"line":56,"column":18},"end":{"line":56,"column":32}},"line":56},"11":{"name":"(anonymous_11)","decl":{"start":{"line":57,"column":13},"end":{"line":57,"column":14}},"loc":{"start":{"line":57,"column":24},"end":{"line":57,"column":29}},"line":57}},"branchMap":{"0":{"loc":{"start":{"line":25,"column":8},"end":{"line":27,"column":9}},"type":"if","locations":[{"start":{"line":25,"column":8},"end":{"line":27,"column":9}},{"start":{},"end":{}}],"line":25}},"s":{"0":3,"1":3,"2":3,"3":3,"4":0,"5":0,"6":1,"7":1,"8":0,"9":1,"10":1,"11":0,"12":1,"13":1,"14":0},"f":{"0":3,"1":3,"2":0,"3":1,"4":1,"5":0,"6":1,"7":1,"8":0,"9":1,"10":1,"11":0},"b":{"0":[3,0]},"_coverageSchema":"1a1c01bbd47fc00a2c39e90264f33305004495a9","hash":"d3f45a8faa9b63482031d00cff24f30a07bfd86a"}
,"E:\\OtusProj\\Calendar\\src\\firebase_init\\fb_init\\initialFB.ts": {"path":"E:\\OtusProj\\Calendar\\src\\firebase_init\\fb_init\\initialFB.ts","statementMap":{"0":{"start":{"line":4,"column":23},"end":{"line":12,"column":1}},"1":{"start":{"line":14,"column":19},"end":{"line":14,"column":48}},"2":{"start":{"line":16,"column":24},"end":{"line":24,"column":1}},"3":{"start":{"line":25,"column":23},"end":{"line":25,"column":62}},"4":{"start":{"line":25,"column":29},"end":{"line":25,"column":62}}},"fnMap":{"0":{"name":"(anonymous_0)","decl":{"start":{"line":25,"column":23},"end":{"line":25,"column":24}},"loc":{"start":{"line":25,"column":29},"end":{"line":25,"column":62}},"line":25}},"branchMap":{},"s":{"0":4,"1":4,"2":4,"3":4,"4":1},"f":{"0":1},"b":{},"_coverageSchema":"1a1c01bbd47fc00a2c39e90264f33305004495a9","hash":"c3e57b4f894cd32589ca760b5a9f05ccee05de34"}
,"E:\\OtusProj\\Calendar\\src\\pages\\calendar_page\\calenarTableRender.ts": {"path":"E:\\OtusProj\\Calendar\\src\\pages\\calendar_page\\calenarTableRender.ts","statementMap":{"0":{"start":{"line":6,"column":16},"end":{"line":6,"column":54}},"1":{"start":{"line":7,"column":12},"end":{"line":7,"column":40}},"2":{"start":{"line":8,"column":18},"end":{"line":8,"column":69}},"3":{"start":{"line":9,"column":17},"end":{"line":9,"column":23}},"4":{"start":{"line":10,"column":21},"end":{"line":12,"column":3}},"5":{"start":{"line":13,"column":20},"end":{"line":15,"column":3}},"6":{"start":{"line":16,"column":2},"end":{"line":20,"column":3}},"7":{"start":{"line":17,"column":4},"end":{"line":17,"column":57}},"8":{"start":{"line":17,"column":17},"end":{"line":17,"column":18}},"9":{"start":{"line":17,"column":38},"end":{"line":17,"column":57}},"10":{"start":{"line":19,"column":4},"end":{"line":19,"column":51}},"11":{"start":{"line":19,"column":17},"end":{"line":19,"column":18}},"12":{"start":{"line":19,"column":32},"end":{"line":19,"column":51}},"13":{"start":{"line":21,"column":2},"end":{"line":61,"column":3}},"14":{"start":{"line":21,"column":15},"end":{"line":21,"column":16}},"15":{"start":{"line":22,"column":4},"end":{"line":57,"column":5}},"16":{"start":{"line":27,"column":6},"end":{"line":27,"column":57}},"17":{"start":{"line":28,"column":11},"end":{"line":57,"column":5}},"18":{"start":{"line":54,"column":6},"end":{"line":54,"column":59}},"19":{"start":{"line":56,"column":6},"end":{"line":56,"column":43}},"20":{"start":{"line":58,"column":4},"end":{"line":60,"column":5}},"21":{"start":{"line":59,"column":6},"end":{"line":59,"column":25}},"22":{"start":{"line":62,"column":2},"end":{"line":62,"column":56}},"23":{"start":{"line":62,"column":21},"end":{"line":62,"column":56}},"24":{"start":{"line":63,"column":2},"end":{"line":63,"column":41}},"25":{"start":{"line":64,"column":2},"end":{"line":64,"column":29}},"26":{"start":{"line":65,"column":2},"end":{"line":69,"column":36}}},"fnMap":{"0":{"name":"calenarTableRender","decl":{"start":{"line":1,"column":16},"end":{"line":1,"column":34}},"loc":{"start":{"line":5,"column":2},"end":{"line":70,"column":1}},"line":5}},"branchMap":{"0":{"loc":{"start":{"line":16,"column":2},"end":{"line":20,"column":3}},"type":"if","locations":[{"start":{"line":16,"column":2},"end":{"line":20,"column":3}},{"start":{"line":18,"column":9},"end":{"line":20,"column":3}}],"line":16},"1":{"loc":{"start":{"line":22,"column":4},"end":{"line":57,"column":5}},"type":"if","locations":[{"start":{"line":22,"column":4},"end":{"line":57,"column":5}},{"start":{"line":28,"column":11},"end":{"line":57,"column":5}}],"line":22},"2":{"loc":{"start":{"line":23,"column":6},"end":{"line":25,"column":44}},"type":"binary-expr","locations":[{"start":{"line":23,"column":6},"end":{"line":23,"column":32}},{"start":{"line":24,"column":6},"end":{"line":24,"column":50}},{"start":{"line":25,"column":6},"end":{"line":25,"column":44}}],"line":23},"3":{"loc":{"start":{"line":28,"column":11},"end":{"line":57,"column":5}},"type":"if","locations":[{"start":{"line":28,"column":11},"end":{"line":57,"column":5}},{"start":{"line":55,"column":11},"end":{"line":57,"column":5}}],"line":28},"4":{"loc":{"start":{"line":30,"column":6},"end":{"line":52,"column":64}},"type":"binary-expr","locations":[{"start":{"line":30,"column":7},"end":{"line":30,"column":14}},{"start":{"line":31,"column":8},"end":{"line":31,"column":26}},{"start":{"line":32,"column":10},"end":{"line":32,"column":32}},{"start":{"line":32,"column":36},"end":{"line":32,"column":58}},{"start":{"line":33,"column":10},"end":{"line":33,"column":32}},{"start":{"line":34,"column":7},"end":{"line":34,"column":14}},{"start":{"line":34,"column":18},"end":{"line":34,"column":36}},{"start":{"line":34,"column":40},"end":{"line":34,"column":62}},{"start":{"line":35,"column":8},"end":{"line":35,"column":15}},{"start":{"line":35,"column":19},"end":{"line":35,"column":26}},{"start":{"line":35,"column":30},"end":{"line":35,"column":37}},{"start":{"line":35,"column":41},"end":{"line":35,"column":48}},{"start":{"line":35,"column":52},"end":{"line":35,"column":59}},{"start":{"line":36,"column":8},"end":{"line":36,"column":26}},{"start":{"line":37,"column":8},"end":{"line":37,"column":30}},{"start":{"line":38,"column":7},"end":{"line":38,"column":14}},{"start":{"line":38,"column":18},"end":{"line":38,"column":36}},{"start":{"line":38,"column":40},"end":{"line":38,"column":62}},{"start":{"line":39,"column":7},"end":{"line":39,"column":15}},{"start":{"line":39,"column":19},"end":{"line":39,"column":37}},{"start":{"line":39,"column":41},"end":{"line":39,"column":63}},{"start":{"line":40,"column":7},"end":{"line":40,"column":14}},{"start":{"line":40,"column":18},"end":{"line":40,"column":36}},{"start":{"line":40,"column":40},"end":{"line":40,"column":62}},{"start":{"line":41,"column":7},"end":{"line":41,"column":14}},{"start":{"line":41,"column":18},"end":{"line":41,"column":36}},{"start":{"line":41,"column":40},"end":{"line":41,"column":62}},{"start":{"line":42,"column":7},"end":{"line":42,"column":14}},{"start":{"line":42,"column":18},"end":{"line":42,"column":36}},{"start":{"line":42,"column":40},"end":{"line":42,"column":62}},{"start":{"line":43,"column":7},"end":{"line":43,"column":15}},{"start":{"line":43,"column":19},"end":{"line":43,"column":37}},{"start":{"line":43,"column":41},"end":{"line":43,"column":63}},{"start":{"line":44,"column":7},"end":{"line":44,"column":14}},{"start":{"line":45,"column":8},"end":{"line":45,"column":27}},{"start":{"line":46,"column":8},"end":{"line":46,"column":30}},{"start":{"line":47,"column":8},"end":{"line":47,"column":30}},{"start":{"line":48,"column":7},"end":{"line":48,"column":14}},{"start":{"line":49,"column":8},"end":{"line":49,"column":27}},{"start":{"line":50,"column":8},"end":{"line":50,"column":30}},{"start":{"line":51,"column":8},"end":{"line":51,"column":30}},{"start":{"line":52,"column":7},"end":{"line":52,"column":14}},{"start":{"line":52,"column":18},"end":{"line":52,"column":37}},{"start":{"line":52,"column":41},"end":{"line":52,"column":63}}],"line":30},"5":{"loc":{"start":{"line":58,"column":4},"end":{"line":60,"column":5}},"type":"if","locations":[{"start":{"line":58,"column":4},"end":{"line":60,"column":5}},{"start":{},"end":{}}],"line":58},"6":{"loc":{"start":{"line":62,"column":2},"end":{"line":62,"column":56}},"type":"if","locations":[{"start":{"line":62,"column":2},"end":{"line":62,"column":56}},{"start":{},"end":{}}],"line":62}},"s":{"0":2,"1":2,"2":2,"3":2,"4":2,"5":2,"6":2,"7":2,"8":2,"9":8,"10":0,"11":0,"12":0,"13":2,"14":2,"15":60,"16":2,"17":58,"18":0,"19":58,"20":60,"21":8,"22":2,"23":2,"24":2,"25":2,"26":2},"f":{"0":2},"b":{"0":[2,0],"1":[2,58],"2":[60,2,2],"3":[0,58],"4":[58,2,0,0,0,58,2,0,58,56,54,52,50,10,0,58,2,0,58,2,0,58,2,0,58,2,0,58,2,0,58,2,0,58,2,0,0,58,2,0,0,58,2,0],"5":[8,52],"6":[2,0]},"_coverageSchema":"1a1c01bbd47fc00a2c39e90264f33305004495a9","hash":"ea48a621246e7f7fdcfa4245e346810e5a007576"}
,"E:\\OtusProj\\Calendar\\src\\pages\\calendar_page\\calendarLoader.ts": {"path":"E:\\OtusProj\\Calendar\\src\\pages\\calendar_page\\calendarLoader.ts","statementMap":{"0":{"start":{"line":8,"column":16},"end":{"line":8,"column":37}},"1":{"start":{"line":9,"column":13},"end":{"line":9,"column":24}},"2":{"start":{"line":10,"column":24},"end":{"line":12,"column":3}},"3":{"start":{"line":13,"column":2},"end":{"line":17,"column":4}},"4":{"start":{"line":18,"column":2},"end":{"line":29,"column":5}},"5":{"start":{"line":19,"column":4},"end":{"line":27,"column":6}},"6":{"start":{"line":28,"column":4},"end":{"line":28,"column":29}},"7":{"start":{"line":30,"column":2},"end":{"line":40,"column":3}},"8":{"start":{"line":31,"column":4},"end":{"line":31,"column":47}},"9":{"start":{"line":32,"column":4},"end":{"line":37,"column":12}},"10":{"start":{"line":33,"column":6},"end":{"line":33,"column":39}},"11":{"start":{"line":34,"column":6},"end":{"line":34,"column":70}},"12":{"start":{"line":35,"column":6},"end":{"line":35,"column":31}},"13":{"start":{"line":36,"column":6},"end":{"line":36,"column":52}},"14":{"start":{"line":39,"column":4},"end":{"line":39,"column":29}}},"fnMap":{"0":{"name":"calendarLoader","decl":{"start":{"line":7,"column":16},"end":{"line":7,"column":30}},"loc":{"start":{"line":7,"column":33},"end":{"line":41,"column":1}},"line":7},"1":{"name":"(anonymous_1)","decl":{"start":{"line":18,"column":67},"end":{"line":18,"column":68}},"loc":{"start":{"line":18,"column":73},"end":{"line":29,"column":3}},"line":18},"2":{"name":"(anonymous_2)","decl":{"start":{"line":32,"column":15},"end":{"line":32,"column":16}},"loc":{"start":{"line":32,"column":27},"end":{"line":37,"column":5}},"line":32}},"branchMap":{"0":{"loc":{"start":{"line":30,"column":2},"end":{"line":40,"column":3}},"type":"if","locations":[{"start":{"line":30,"column":2},"end":{"line":40,"column":3}},{"start":{"line":38,"column":9},"end":{"line":40,"column":3}}],"line":30}},"s":{"0":2,"1":2,"2":2,"3":2,"4":2,"5":2,"6":2,"7":2,"8":1,"9":1,"10":1,"11":1,"12":1,"13":1,"14":1},"f":{"0":2,"1":2,"2":1},"b":{"0":[1,1]},"_coverageSchema":"1a1c01bbd47fc00a2c39e90264f33305004495a9","hash":"b3f586748b9347b756a70b86965061e8ef3b418c"}
,"E:\\OtusProj\\Calendar\\src\\pages\\calendar_page\\calendarTaskRender.ts": {"path":"E:\\OtusProj\\Calendar\\src\\pages\\calendar_page\\calendarTaskRender.ts","statementMap":{"0":{"start":{"line":14,"column":15},"end":{"line":15,"column":10}},"1":{"start":{"line":16,"column":16},"end":{"line":21,"column":3}},"2":{"start":{"line":22,"column":18},"end":{"line":22,"column":57}},"3":{"start":{"line":23,"column":22},"end":{"line":23,"column":53}},"4":{"start":{"line":24,"column":23},"end":{"line":24,"column":48}},"5":{"start":{"line":25,"column":19},"end":{"line":25,"column":33}},"6":{"start":{"line":26,"column":2},"end":{"line":54,"column":5}},"7":{"start":{"line":27,"column":26},"end":{"line":27,"column":64}},"8":{"start":{"line":28,"column":19},"end":{"line":28,"column":43}},"9":{"start":{"line":29,"column":19},"end":{"line":29,"column":46}},"10":{"start":{"line":30,"column":19},"end":{"line":30,"column":42}},"11":{"start":{"line":31,"column":20},"end":{"line":31,"column":52}},"12":{"start":{"line":32,"column":22},"end":{"line":32,"column":71}},"13":{"start":{"line":33,"column":4},"end":{"line":53,"column":5}},"14":{"start":{"line":34,"column":6},"end":{"line":42,"column":7}},"15":{"start":{"line":35,"column":8},"end":{"line":39,"column":9}},"16":{"start":{"line":36,"column":10},"end":{"line":36,"column":67}},"17":{"start":{"line":38,"column":10},"end":{"line":38,"column":47}},"18":{"start":{"line":40,"column":13},"end":{"line":42,"column":7}},"19":{"start":{"line":41,"column":8},"end":{"line":41,"column":50}},"20":{"start":{"line":44,"column":6},"end":{"line":52,"column":7}},"21":{"start":{"line":45,"column":8},"end":{"line":49,"column":9}},"22":{"start":{"line":46,"column":10},"end":{"line":46,"column":75}},"23":{"start":{"line":48,"column":10},"end":{"line":48,"column":51}},"24":{"start":{"line":50,"column":13},"end":{"line":52,"column":7}},"25":{"start":{"line":51,"column":8},"end":{"line":51,"column":54}},"26":{"start":{"line":56,"column":21},"end":{"line":58,"column":30}},"27":{"start":{"line":59,"column":2},"end":{"line":82,"column":5}},"28":{"start":{"line":60,"column":19},"end":{"line":60,"column":35}},"29":{"start":{"line":61,"column":4},"end":{"line":81,"column":5}},"30":{"start":{"line":62,"column":6},"end":{"line":80,"column":7}},"31":{"start":{"line":63,"column":31},"end":{"line":67,"column":16}},"32":{"start":{"line":65,"column":25},"end":{"line":65,"column":41}},"33":{"start":{"line":68,"column":29},"end":{"line":72,"column":16}},"34":{"start":{"line":70,"column":25},"end":{"line":70,"column":41}},"35":{"start":{"line":73,"column":8},"end":{"line":79,"column":19}}},"fnMap":{"0":{"name":"calendarTaskRender","decl":{"start":{"line":13,"column":16},"end":{"line":13,"column":34}},"loc":{"start":{"line":13,"column":53},"end":{"line":83,"column":1}},"line":13},"1":{"name":"(anonymous_1)","decl":{"start":{"line":26,"column":15},"end":{"line":26,"column":16}},"loc":{"start":{"line":26,"column":25},"end":{"line":54,"column":3}},"line":26},"2":{"name":"(anonymous_2)","decl":{"start":{"line":59,"column":21},"end":{"line":59,"column":22}},"loc":{"start":{"line":59,"column":31},"end":{"line":82,"column":3}},"line":59},"3":{"name":"(anonymous_3)","decl":{"start":{"line":65,"column":17},"end":{"line":65,"column":18}},"loc":{"start":{"line":65,"column":25},"end":{"line":65,"column":41}},"line":65},"4":{"name":"(anonymous_4)","decl":{"start":{"line":70,"column":17},"end":{"line":70,"column":18}},"loc":{"start":{"line":70,"column":25},"end":{"line":70,"column":41}},"line":70}},"branchMap":{"0":{"loc":{"start":{"line":32,"column":22},"end":{"line":32,"column":71}},"type":"binary-expr","locations":[{"start":{"line":32,"column":22},"end":{"line":32,"column":45}},{"start":{"line":32,"column":49},"end":{"line":32,"column":71}}],"line":32},"1":{"loc":{"start":{"line":33,"column":4},"end":{"line":53,"column":5}},"type":"if","locations":[{"start":{"line":33,"column":4},"end":{"line":53,"column":5}},{"start":{},"end":{}}],"line":33},"2":{"loc":{"start":{"line":34,"column":6},"end":{"line":42,"column":7}},"type":"if","locations":[{"start":{"line":34,"column":6},"end":{"line":42,"column":7}},{"start":{"line":40,"column":13},"end":{"line":42,"column":7}}],"line":34},"3":{"loc":{"start":{"line":34,"column":10},"end":{"line":34,"column":52}},"type":"binary-expr","locations":[{"start":{"line":34,"column":10},"end":{"line":34,"column":26}},{"start":{"line":34,"column":30},"end":{"line":34,"column":52}}],"line":34},"4":{"loc":{"start":{"line":35,"column":8},"end":{"line":39,"column":9}},"type":"if","locations":[{"start":{"line":35,"column":8},"end":{"line":39,"column":9}},{"start":{"line":37,"column":15},"end":{"line":39,"column":9}}],"line":35},"5":{"loc":{"start":{"line":40,"column":13},"end":{"line":42,"column":7}},"type":"if","locations":[{"start":{"line":40,"column":13},"end":{"line":42,"column":7}},{"start":{},"end":{}}],"line":40},"6":{"loc":{"start":{"line":40,"column":17},"end":{"line":40,"column":60}},"type":"binary-expr","locations":[{"start":{"line":40,"column":17},"end":{"line":40,"column":34}},{"start":{"line":40,"column":38},"end":{"line":40,"column":60}}],"line":40},"7":{"loc":{"start":{"line":44,"column":6},"end":{"line":52,"column":7}},"type":"if","locations":[{"start":{"line":44,"column":6},"end":{"line":52,"column":7}},{"start":{"line":50,"column":13},"end":{"line":52,"column":7}}],"line":44},"8":{"loc":{"start":{"line":44,"column":10},"end":{"line":44,"column":52}},"type":"binary-expr","locations":[{"start":{"line":44,"column":10},"end":{"line":44,"column":26}},{"start":{"line":44,"column":30},"end":{"line":44,"column":52}}],"line":44},"9":{"loc":{"start":{"line":45,"column":8},"end":{"line":49,"column":9}},"type":"if","locations":[{"start":{"line":45,"column":8},"end":{"line":49,"column":9}},{"start":{"line":47,"column":15},"end":{"line":49,"column":9}}],"line":45},"10":{"loc":{"start":{"line":50,"column":13},"end":{"line":52,"column":7}},"type":"if","locations":[{"start":{"line":50,"column":13},"end":{"line":52,"column":7}},{"start":{},"end":{}}],"line":50},"11":{"loc":{"start":{"line":50,"column":17},"end":{"line":50,"column":60}},"type":"binary-expr","locations":[{"start":{"line":50,"column":17},"end":{"line":50,"column":34}},{"start":{"line":50,"column":38},"end":{"line":50,"column":60}}],"line":50},"12":{"loc":{"start":{"line":61,"column":4},"end":{"line":81,"column":5}},"type":"if","locations":[{"start":{"line":61,"column":4},"end":{"line":81,"column":5}},{"start":{},"end":{}}],"line":61},"13":{"loc":{"start":{"line":62,"column":6},"end":{"line":80,"column":7}},"type":"if","locations":[{"start":{"line":62,"column":6},"end":{"line":80,"column":7}},{"start":{},"end":{}}],"line":62},"14":{"loc":{"start":{"line":63,"column":31},"end":{"line":67,"column":16}},"type":"cond-expr","locations":[{"start":{"line":64,"column":12},"end":{"line":66,"column":22}},{"start":{"line":67,"column":12},"end":{"line":67,"column":16}}],"line":63},"15":{"loc":{"start":{"line":68,"column":29},"end":{"line":72,"column":16}},"type":"cond-expr","locations":[{"start":{"line":69,"column":12},"end":{"line":71,"column":22}},{"start":{"line":72,"column":12},"end":{"line":72,"column":16}}],"line":68},"16":{"loc":{"start":{"line":73,"column":111},"end":{"line":75,"column":16}},"type":"cond-expr","locations":[{"start":{"line":74,"column":14},"end":{"line":74,"column":106}},{"start":{"line":75,"column":14},"end":{"line":75,"column":16}}],"line":73},"17":{"loc":{"start":{"line":76,"column":13},"end":{"line":78,"column":16}},"type":"cond-expr","locations":[{"start":{"line":77,"column":14},"end":{"line":77,"column":100}},{"start":{"line":78,"column":14},"end":{"line":78,"column":16}}],"line":76}},"s":{"0":1,"1":1,"2":1,"3":1,"4":1,"5":1,"6":1,"7":2,"8":2,"9":2,"10":2,"11":2,"12":2,"13":2,"14":2,"15":0,"16":0,"17":0,"18":2,"19":1,"20":2,"21":0,"22":0,"23":0,"24":2,"25":1,"26":1,"27":1,"28":30,"29":30,"30":30,"31":2,"32":1,"33":2,"34":1,"35":2},"f":{"0":1,"1":2,"2":30,"3":1,"4":1},"b":{"0":[2,2],"1":[2,0],"2":[0,2],"3":[2,0],"4":[0,0],"5":[1,1],"6":[2,2],"7":[0,2],"8":[2,1],"9":[0,0],"10":[1,1],"11":[2,1],"12":[30,0],"13":[2,28],"14":[1,1],"15":[1,1],"16":[1,1],"17":[1,1]},"_coverageSchema":"1a1c01bbd47fc00a2c39e90264f33305004495a9","hash":"acb31d366093d2d8e44b4b4ca14fcf6f71d6679b"}
,"E:\\OtusProj\\Calendar\\src\\pages\\tasks_page\\addParamToLink.ts": {"path":"E:\\OtusProj\\Calendar\\src\\pages\\tasks_page\\addParamToLink.ts","statementMap":{"0":{"start":{"line":4,"column":18},"end":{"line":4,"column":33}},"1":{"start":{"line":5,"column":17},"end":{"line":5,"column":32}},"2":{"start":{"line":6,"column":2},"end":{"line":8,"column":3}},"3":{"start":{"line":7,"column":4},"end":{"line":7,"column":42}},"4":{"start":{"line":9,"column":20},"end":{"line":11,"column":3}},"5":{"start":{"line":12,"column":22},"end":{"line":14,"column":3}},"6":{"start":{"line":15,"column":21},"end":{"line":15,"column":76}},"7":{"start":{"line":16,"column":19},"end":{"line":16,"column":72}},"8":{"start":{"line":17,"column":19},"end":{"line":17,"column":72}},"9":{"start":{"line":18,"column":21},"end":{"line":18,"column":76}},"10":{"start":{"line":19,"column":2},"end":{"line":20,"column":34}},"11":{"start":{"line":19,"column":25},"end":{"line":19,"column":52}},"12":{"start":{"line":20,"column":7},"end":{"line":20,"column":34}},"13":{"start":{"line":21,"column":2},"end":{"line":23,"column":36}},"14":{"start":{"line":22,"column":4},"end":{"line":22,"column":74}},"15":{"start":{"line":23,"column":7},"end":{"line":23,"column":36}},"16":{"start":{"line":24,"column":2},"end":{"line":25,"column":35}},"17":{"start":{"line":24,"column":31},"end":{"line":24,"column":71}},"18":{"start":{"line":25,"column":7},"end":{"line":25,"column":35}},"19":{"start":{"line":26,"column":2},"end":{"line":30,"column":3}},"20":{"start":{"line":27,"column":4},"end":{"line":27,"column":32}},"21":{"start":{"line":28,"column":4},"end":{"line":28,"column":30}},"22":{"start":{"line":29,"column":4},"end":{"line":29,"column":30}},"23":{"start":{"line":31,"column":2},"end":{"line":35,"column":3}},"24":{"start":{"line":32,"column":4},"end":{"line":32,"column":30}},"25":{"start":{"line":33,"column":4},"end":{"line":33,"column":30}},"26":{"start":{"line":34,"column":4},"end":{"line":34,"column":32}},"27":{"start":{"line":36,"column":2},"end":{"line":40,"column":3}},"28":{"start":{"line":37,"column":4},"end":{"line":37,"column":30}},"29":{"start":{"line":38,"column":4},"end":{"line":38,"column":30}},"30":{"start":{"line":39,"column":4},"end":{"line":39,"column":32}},"31":{"start":{"line":41,"column":26},"end":{"line":41,"column":29}},"32":{"start":{"line":42,"column":18},"end":{"line":42,"column":35}},"33":{"start":{"line":43,"column":2},"end":{"line":49,"column":4}},"34":{"start":{"line":44,"column":23},"end":{"line":44,"column":171}},"35":{"start":{"line":45,"column":4},"end":{"line":47,"column":5}},"36":{"start":{"line":46,"column":6},"end":{"line":46,"column":30}},"37":{"start":{"line":48,"column":4},"end":{"line":48,"column":46}},"38":{"start":{"line":50,"column":20},"end":{"line":50,"column":95}},"39":{"start":{"line":51,"column":2},"end":{"line":51,"column":73}},"40":{"start":{"line":51,"column":36},"end":{"line":51,"column":73}}},"fnMap":{"0":{"name":"addParamToLink","decl":{"start":{"line":3,"column":16},"end":{"line":3,"column":30}},"loc":{"start":{"line":3,"column":33},"end":{"line":52,"column":1}},"line":3},"1":{"name":"(anonymous_1)","decl":{"start":{"line":43,"column":36},"end":{"line":43,"column":37}},"loc":{"start":{"line":43,"column":56},"end":{"line":49,"column":3}},"line":43}},"branchMap":{"0":{"loc":{"start":{"line":6,"column":2},"end":{"line":8,"column":3}},"type":"if","locations":[{"start":{"line":6,"column":2},"end":{"line":8,"column":3}},{"start":{},"end":{}}],"line":6},"1":{"loc":{"start":{"line":19,"column":2},"end":{"line":20,"column":34}},"type":"if","locations":[{"start":{"line":19,"column":2},"end":{"line":20,"column":34}},{"start":{"line":20,"column":7},"end":{"line":20,"column":34}}],"line":19},"2":{"loc":{"start":{"line":21,"column":2},"end":{"line":23,"column":36}},"type":"if","locations":[{"start":{"line":21,"column":2},"end":{"line":23,"column":36}},{"start":{"line":23,"column":7},"end":{"line":23,"column":36}}],"line":21},"3":{"loc":{"start":{"line":24,"column":2},"end":{"line":25,"column":35}},"type":"if","locations":[{"start":{"line":24,"column":2},"end":{"line":25,"column":35}},{"start":{"line":25,"column":7},"end":{"line":25,"column":35}}],"line":24},"4":{"loc":{"start":{"line":26,"column":2},"end":{"line":30,"column":3}},"type":"if","locations":[{"start":{"line":26,"column":2},"end":{"line":30,"column":3}},{"start":{},"end":{}}],"line":26},"5":{"loc":{"start":{"line":31,"column":2},"end":{"line":35,"column":3}},"type":"if","locations":[{"start":{"line":31,"column":2},"end":{"line":35,"column":3}},{"start":{},"end":{}}],"line":31},"6":{"loc":{"start":{"line":36,"column":2},"end":{"line":40,"column":3}},"type":"if","locations":[{"start":{"line":36,"column":2},"end":{"line":40,"column":3}},{"start":{},"end":{}}],"line":36},"7":{"loc":{"start":{"line":44,"column":23},"end":{"line":44,"column":171}},"type":"binary-expr","locations":[{"start":{"line":44,"column":23},"end":{"line":44,"column":45}},{"start":{"line":44,"column":49},"end":{"line":44,"column":69}},{"start":{"line":44,"column":73},"end":{"line":44,"column":93}},{"start":{"line":44,"column":97},"end":{"line":44,"column":119}},{"start":{"line":44,"column":123},"end":{"line":44,"column":146}},{"start":{"line":44,"column":150},"end":{"line":44,"column":171}}],"line":44},"8":{"loc":{"start":{"line":45,"column":4},"end":{"line":47,"column":5}},"type":"if","locations":[{"start":{"line":45,"column":4},"end":{"line":47,"column":5}},{"start":{},"end":{}}],"line":45},"9":{"loc":{"start":{"line":51,"column":2},"end":{"line":51,"column":73}},"type":"if","locations":[{"start":{"line":51,"column":2},"end":{"line":51,"column":73}},{"start":{},"end":{}}],"line":51}},"s":{"0":1,"1":1,"2":1,"3":0,"4":1,"5":1,"6":1,"7":1,"8":1,"9":1,"10":1,"11":1,"12":0,"13":1,"14":1,"15":0,"16":1,"17":1,"18":0,"19":1,"20":1,"21":1,"22":1,"23":1,"24":0,"25":0,"26":0,"27":1,"28":0,"29":0,"30":0,"31":1,"32":1,"33":1,"34":4,"35":4,"36":0,"37":4,"38":1,"39":1,"40":1},"f":{"0":1,"1":4},"b":{"0":[0,1],"1":[1,0],"2":[1,0],"3":[1,0],"4":[1,0],"5":[0,1],"6":[0,1],"7":[4,3,3,2,2,1],"8":[0,4],"9":[1,0]},"_coverageSchema":"1a1c01bbd47fc00a2c39e90264f33305004495a9","hash":"3b55ffee3f27dcddda55f6a15697e29be40db810"}
,"E:\\OtusProj\\Calendar\\src\\pages\\tasks_page\\crudTask.ts": {"path":"E:\\OtusProj\\Calendar\\src\\pages\\tasks_page\\crudTask.ts","statementMap":{"0":{"start":{"line":16,"column":11},"end":{"line":16,"column":21}},"1":{"start":{"line":19,"column":2},"end":{"line":19,"column":71}},"2":{"start":{"line":20,"column":2},"end":{"line":20,"column":69}},"3":{"start":{"line":21,"column":2},"end":{"line":21,"column":69}},"4":{"start":{"line":22,"column":2},"end":{"line":22,"column":61}},"5":{"start":{"line":23,"column":2},"end":{"line":23,"column":69}},"6":{"start":{"line":24,"column":2},"end":{"line":24,"column":67}},"7":{"start":{"line":27,"column":43},"end":{"line":33,"column":2}},"8":{"start":{"line":27,"column":61},"end":{"line":33,"column":1}},"9":{"start":{"line":36,"column":2},"end":{"line":36,"column":24}},"10":{"start":{"line":37,"column":2},"end":{"line":37,"column":23}},"11":{"start":{"line":38,"column":2},"end":{"line":38,"column":30}},"12":{"start":{"line":42,"column":2},"end":{"line":42,"column":31}},"13":{"start":{"line":46,"column":2},"end":{"line":46,"column":16}},"14":{"start":{"line":47,"column":2},"end":{"line":47,"column":34}},"15":{"start":{"line":51,"column":2},"end":{"line":51,"column":16}},"16":{"start":{"line":52,"column":2},"end":{"line":52,"column":21}},"17":{"start":{"line":54,"column":2},"end":{"line":63,"column":3}},"18":{"start":{"line":55,"column":4},"end":{"line":55,"column":23}},"19":{"start":{"line":56,"column":9},"end":{"line":63,"column":3}},"20":{"start":{"line":57,"column":4},"end":{"line":57,"column":22}},"21":{"start":{"line":59,"column":4},"end":{"line":59,"column":62}},"22":{"start":{"line":60,"column":4},"end":{"line":60,"column":29}},"23":{"start":{"line":61,"column":4},"end":{"line":61,"column":18}},"24":{"start":{"line":62,"column":4},"end":{"line":62,"column":28}},"25":{"start":{"line":67,"column":2},"end":{"line":67,"column":54}},"26":{"start":{"line":68,"column":2},"end":{"line":68,"column":16}},"27":{"start":{"line":69,"column":2},"end":{"line":69,"column":26}},"28":{"start":{"line":70,"column":2},"end":{"line":70,"column":20}},"29":{"start":{"line":75,"column":4},"end":{"line":75,"column":23}},"30":{"start":{"line":76,"column":4},"end":{"line":76,"column":21}},"31":{"start":{"line":77,"column":4},"end":{"line":77,"column":67}},"32":{"start":{"line":78,"column":4},"end":{"line":78,"column":31}},"33":{"start":{"line":79,"column":4},"end":{"line":79,"column":60}},"34":{"start":{"line":80,"column":4},"end":{"line":80,"column":50}},"35":{"start":{"line":81,"column":4},"end":{"line":81,"column":41}},"36":{"start":{"line":82,"column":4},"end":{"line":82,"column":36}},"37":{"start":{"line":83,"column":4},"end":{"line":83,"column":33}},"38":{"start":{"line":84,"column":4},"end":{"line":84,"column":28}},"39":{"start":{"line":85,"column":4},"end":{"line":85,"column":21}},"40":{"start":{"line":86,"column":4},"end":{"line":86,"column":18}},"41":{"start":{"line":88,"column":21},"end":{"line":88,"column":42}},"42":{"start":{"line":89,"column":19},"end":{"line":89,"column":62}},"43":{"start":{"line":89,"column":49},"end":{"line":89,"column":61}},"44":{"start":{"line":91,"column":2},"end":{"line":91,"column":43}},"45":{"start":{"line":92,"column":2},"end":{"line":92,"column":48}},"46":{"start":{"line":93,"column":2},"end":{"line":93,"column":41}},"47":{"start":{"line":95,"column":2},"end":{"line":95,"column":21}},"48":{"start":{"line":97,"column":2},"end":{"line":97,"column":34}},"49":{"start":{"line":98,"column":2},"end":{"line":98,"column":36}},"50":{"start":{"line":99,"column":2},"end":{"line":99,"column":48}},"51":{"start":{"line":101,"column":2},"end":{"line":101,"column":51}},"52":{"start":{"line":103,"column":2},"end":{"line":103,"column":55}},"53":{"start":{"line":107,"column":21},"end":{"line":107,"column":42}},"54":{"start":{"line":108,"column":24},"end":{"line":108,"column":67}},"55":{"start":{"line":108,"column":54},"end":{"line":108,"column":66}},"56":{"start":{"line":109,"column":21},"end":{"line":109,"column":78}},"57":{"start":{"line":110,"column":22},"end":{"line":110,"column":74}},"58":{"start":{"line":111,"column":2},"end":{"line":111,"column":65}},"59":{"start":{"line":112,"column":2},"end":{"line":112,"column":29}},"60":{"start":{"line":113,"column":2},"end":{"line":113,"column":16}}},"fnMap":{"0":{"name":"upDateLinks","decl":{"start":{"line":18,"column":9},"end":{"line":18,"column":20}},"loc":{"start":{"line":18,"column":23},"end":{"line":25,"column":1}},"line":18},"1":{"name":"(anonymous_1)","decl":{"start":{"line":27,"column":43},"end":{"line":27,"column":44}},"loc":{"start":{"line":27,"column":61},"end":{"line":33,"column":1}},"line":27},"2":{"name":"inputCliner","decl":{"start":{"line":35,"column":16},"end":{"line":35,"column":27}},"loc":{"start":{"line":35,"column":30},"end":{"line":39,"column":1}},"line":35},"3":{"name":"getTaskList","decl":{"start":{"line":41,"column":16},"end":{"line":41,"column":27}},"loc":{"start":{"line":41,"column":30},"end":{"line":43,"column":1}},"line":41},"4":{"name":"drawTasksList","decl":{"start":{"line":45,"column":22},"end":{"line":45,"column":35}},"loc":{"start":{"line":45,"column":38},"end":{"line":48,"column":1}},"line":45},"5":{"name":"addTask","decl":{"start":{"line":50,"column":16},"end":{"line":50,"column":23}},"loc":{"start":{"line":50,"column":40},"end":{"line":64,"column":1}},"line":50},"6":{"name":"deleteTask","decl":{"start":{"line":66,"column":16},"end":{"line":66,"column":26}},"loc":{"start":{"line":66,"column":39},"end":{"line":71,"column":1}},"line":66},"7":{"name":"updateTask","decl":{"start":{"line":73,"column":16},"end":{"line":73,"column":26}},"loc":{"start":{"line":73,"column":39},"end":{"line":104,"column":1}},"line":73},"8":{"name":"addUpdatedTask","decl":{"start":{"line":74,"column":11},"end":{"line":74,"column":25}},"loc":{"start":{"line":74,"column":42},"end":{"line":87,"column":3}},"line":74},"9":{"name":"(anonymous_9)","decl":{"start":{"line":89,"column":41},"end":{"line":89,"column":42}},"loc":{"start":{"line":89,"column":49},"end":{"line":89,"column":61}},"line":89},"10":{"name":"tugleStatusTask","decl":{"start":{"line":106,"column":16},"end":{"line":106,"column":31}},"loc":{"start":{"line":106,"column":44},"end":{"line":114,"column":1}},"line":106},"11":{"name":"(anonymous_11)","decl":{"start":{"line":108,"column":46},"end":{"line":108,"column":47}},"loc":{"start":{"line":108,"column":54},"end":{"line":108,"column":66}},"line":108}},"branchMap":{"0":{"loc":{"start":{"line":28,"column":6},"end":{"line":28,"column":22}},"type":"binary-expr","locations":[{"start":{"line":28,"column":6},"end":{"line":28,"column":8}},{"start":{"line":28,"column":12},"end":{"line":28,"column":22}}],"line":28},"1":{"loc":{"start":{"line":54,"column":2},"end":{"line":63,"column":3}},"type":"if","locations":[{"start":{"line":54,"column":2},"end":{"line":63,"column":3}},{"start":{"line":56,"column":9},"end":{"line":63,"column":3}}],"line":54},"2":{"loc":{"start":{"line":56,"column":9},"end":{"line":63,"column":3}},"type":"if","locations":[{"start":{"line":56,"column":9},"end":{"line":63,"column":3}},{"start":{"line":58,"column":9},"end":{"line":63,"column":3}}],"line":56},"3":{"loc":{"start":{"line":91,"column":21},"end":{"line":91,"column":42}},"type":"binary-expr","locations":[{"start":{"line":91,"column":21},"end":{"line":91,"column":36}},{"start":{"line":91,"column":40},"end":{"line":91,"column":42}}],"line":91},"4":{"loc":{"start":{"line":92,"column":20},"end":{"line":92,"column":47}},"type":"binary-expr","locations":[{"start":{"line":92,"column":20},"end":{"line":92,"column":41}},{"start":{"line":92,"column":45},"end":{"line":92,"column":47}}],"line":92},"5":{"loc":{"start":{"line":93,"column":20},"end":{"line":93,"column":40}},"type":"binary-expr","locations":[{"start":{"line":93,"column":20},"end":{"line":93,"column":34}},{"start":{"line":93,"column":38},"end":{"line":93,"column":40}}],"line":93},"6":{"loc":{"start":{"line":109,"column":21},"end":{"line":109,"column":78}},"type":"cond-expr","locations":[{"start":{"line":109,"column":56},"end":{"line":109,"column":69}},{"start":{"line":109,"column":72},"end":{"line":109,"column":78}}],"line":109}},"s":{"0":1,"1":1,"2":1,"3":1,"4":1,"5":1,"6":1,"7":1,"8":2,"9":3,"10":3,"11":3,"12":0,"13":0,"14":0,"15":1,"16":1,"17":1,"18":0,"19":1,"20":0,"21":1,"22":1,"23":1,"24":1,"25":1,"26":1,"27":1,"28":1,"29":0,"30":0,"31":0,"32":0,"33":0,"34":0,"35":0,"36":0,"37":0,"38":0,"39":0,"40":0,"41":1,"42":1,"43":1,"44":1,"45":1,"46":1,"47":1,"48":1,"49":1,"50":1,"51":1,"52":1,"53":1,"54":1,"55":1,"56":1,"57":1,"58":1,"59":1,"60":1},"f":{"0":1,"1":2,"2":3,"3":0,"4":0,"5":1,"6":1,"7":1,"8":0,"9":1,"10":1,"11":1},"b":{"0":[2,2],"1":[0,1],"2":[0,1],"3":[1,1],"4":[1,1],"5":[1,1],"6":[0,1]},"_coverageSchema":"1a1c01bbd47fc00a2c39e90264f33305004495a9","hash":"f042686d0d31a3dda216b048d705bab0678f7201"}
,"E:\\OtusProj\\Calendar\\src\\pages\\tasks_page\\curDate.ts": {"path":"E:\\OtusProj\\Calendar\\src\\pages\\tasks_page\\curDate.ts","statementMap":{"0":{"start":{"line":2,"column":15},"end":{"line":2,"column":25}},"1":{"start":{"line":3,"column":15},"end":{"line":3,"column":41}},"2":{"start":{"line":4,"column":14},"end":{"line":4,"column":37}},"3":{"start":{"line":5,"column":12},"end":{"line":5,"column":34}},"4":{"start":{"line":6,"column":2},"end":{"line":6,"column":56}},"5":{"start":{"line":6,"column":24},"end":{"line":6,"column":56}},"6":{"start":{"line":7,"column":2},"end":{"line":7,"column":38}},"7":{"start":{"line":7,"column":22},"end":{"line":7,"column":38}},"8":{"start":{"line":8,"column":2},"end":{"line":8,"column":35}}},"fnMap":{"0":{"name":"curDate","decl":{"start":{"line":1,"column":16},"end":{"line":1,"column":23}},"loc":{"start":{"line":1,"column":26},"end":{"line":9,"column":1}},"line":1}},"branchMap":{"0":{"loc":{"start":{"line":6,"column":2},"end":{"line":6,"column":56}},"type":"if","locations":[{"start":{"line":6,"column":2},"end":{"line":6,"column":56}},{"start":{},"end":{}}],"line":6},"1":{"loc":{"start":{"line":7,"column":2},"end":{"line":7,"column":38}},"type":"if","locations":[{"start":{"line":7,"column":2},"end":{"line":7,"column":38}},{"start":{},"end":{}}],"line":7}},"s":{"0":5,"1":5,"2":5,"3":5,"4":5,"5":5,"6":5,"7":1,"8":5},"f":{"0":5},"b":{"0":[5,0],"1":[1,4]},"_coverageSchema":"1a1c01bbd47fc00a2c39e90264f33305004495a9","hash":"ca4b10594d6778b119cc2f6cb7b95fee4595881a"}
,"E:\\OtusProj\\Calendar\\src\\pages\\tasks_page\\drawToDoList.ts": {"path":"E:\\OtusProj\\Calendar\\src\\pages\\tasks_page\\drawToDoList.ts","statementMap":{"0":{"start":{"line":6,"column":2},"end":{"line":55,"column":3}},"1":{"start":{"line":7,"column":21},"end":{"line":7,"column":69}},"2":{"start":{"line":8,"column":4},"end":{"line":54,"column":5}},"3":{"start":{"line":9,"column":6},"end":{"line":9,"column":44}},"4":{"start":{"line":11,"column":6},"end":{"line":11,"column":23}},"5":{"start":{"line":12,"column":6},"end":{"line":33,"column":26}},"6":{"start":{"line":14,"column":25},"end":{"line":31,"column":73}},"7":{"start":{"line":34,"column":6},"end":{"line":39,"column":9}},"8":{"start":{"line":35,"column":8},"end":{"line":38,"column":11}},"9":{"start":{"line":36,"column":21},"end":{"line":36,"column":74}},"10":{"start":{"line":37,"column":10},"end":{"line":37,"column":25}},"11":{"start":{"line":40,"column":6},"end":{"line":46,"column":9}},"12":{"start":{"line":41,"column":8},"end":{"line":45,"column":11}},"13":{"start":{"line":42,"column":21},"end":{"line":42,"column":74}},"14":{"start":{"line":43,"column":10},"end":{"line":43,"column":25}},"15":{"start":{"line":44,"column":10},"end":{"line":44,"column":55}},"16":{"start":{"line":47,"column":6},"end":{"line":52,"column":9}},"17":{"start":{"line":48,"column":8},"end":{"line":51,"column":11}},"18":{"start":{"line":49,"column":21},"end":{"line":49,"column":73}},"19":{"start":{"line":50,"column":10},"end":{"line":50,"column":30}},"20":{"start":{"line":53,"column":6},"end":{"line":53,"column":47}}},"fnMap":{"0":{"name":"drawToDoList","decl":{"start":{"line":5,"column":16},"end":{"line":5,"column":28}},"loc":{"start":{"line":5,"column":50},"end":{"line":56,"column":1}},"line":5},"1":{"name":"(anonymous_1)","decl":{"start":{"line":14,"column":10},"end":{"line":14,"column":11}},"loc":{"start":{"line":14,"column":25},"end":{"line":31,"column":73}},"line":14},"2":{"name":"(anonymous_2)","decl":{"start":{"line":34,"column":59},"end":{"line":34,"column":60}},"loc":{"start":{"line":34,"column":75},"end":{"line":39,"column":7}},"line":34},"3":{"name":"(anonymous_3)","decl":{"start":{"line":35,"column":45},"end":{"line":35,"column":46}},"loc":{"start":{"line":35,"column":52},"end":{"line":38,"column":9}},"line":35},"4":{"name":"(anonymous_4)","decl":{"start":{"line":40,"column":59},"end":{"line":40,"column":60}},"loc":{"start":{"line":40,"column":77},"end":{"line":46,"column":7}},"line":40},"5":{"name":"(anonymous_5)","decl":{"start":{"line":41,"column":47},"end":{"line":41,"column":48}},"loc":{"start":{"line":41,"column":54},"end":{"line":45,"column":9}},"line":41},"6":{"name":"(anonymous_6)","decl":{"start":{"line":47,"column":58},"end":{"line":47,"column":59}},"loc":{"start":{"line":47,"column":75},"end":{"line":52,"column":7}},"line":47},"7":{"name":"(anonymous_7)","decl":{"start":{"line":48,"column":46},"end":{"line":48,"column":47}},"loc":{"start":{"line":48,"column":53},"end":{"line":51,"column":9}},"line":48}},"branchMap":{"0":{"loc":{"start":{"line":6,"column":2},"end":{"line":55,"column":3}},"type":"if","locations":[{"start":{"line":6,"column":2},"end":{"line":55,"column":3}},{"start":{},"end":{}}],"line":6},"1":{"loc":{"start":{"line":8,"column":4},"end":{"line":54,"column":5}},"type":"if","locations":[{"start":{"line":8,"column":4},"end":{"line":54,"column":5}},{"start":{"line":10,"column":11},"end":{"line":54,"column":5}}],"line":8},"2":{"loc":{"start":{"line":8,"column":8},"end":{"line":8,"column":40}},"type":"binary-expr","locations":[{"start":{"line":8,"column":8},"end":{"line":8,"column":17}},{"start":{"line":8,"column":21},"end":{"line":8,"column":40}}],"line":8},"3":{"loc":{"start":{"line":15,"column":12},"end":{"line":15,"column":58}},"type":"cond-expr","locations":[{"start":{"line":15,"column":35},"end":{"line":15,"column":46}},{"start":{"line":15,"column":49},"end":{"line":15,"column":58}}],"line":15},"4":{"loc":{"start":{"line":31,"column":21},"end":{"line":31,"column":71}},"type":"cond-expr","locations":[{"start":{"line":31,"column":59},"end":{"line":31,"column":61}},{"start":{"line":31,"column":64},"end":{"line":31,"column":71}}],"line":31}},"s":{"0":4,"1":4,"2":4,"3":1,"4":3,"5":3,"6":4,"7":3,"8":4,"9":1,"10":1,"11":3,"12":4,"13":1,"14":1,"15":1,"16":3,"17":4,"18":1,"19":1,"20":3},"f":{"0":4,"1":4,"2":4,"3":1,"4":4,"5":1,"6":4,"7":1},"b":{"0":[4,0],"1":[1,3],"2":[4,4],"3":[1,3],"4":[3,1]},"_coverageSchema":"1a1c01bbd47fc00a2c39e90264f33305004495a9","hash":"aad25bba430e47a14af4c22bbb8cf857dd615c44"}
,"E:\\OtusProj\\Calendar\\src\\pages\\tasks_page\\paramLinkCompiler.ts": {"path":"E:\\OtusProj\\Calendar\\src\\pages\\tasks_page\\paramLinkCompiler.ts","statementMap":{"0":{"start":{"line":25,"column":20},"end":{"line":25,"column":35}},"1":{"start":{"line":26,"column":22},"end":{"line":26,"column":52}},"2":{"start":{"line":27,"column":2},"end":{"line":31,"column":5}},"3":{"start":{"line":28,"column":29},"end":{"line":28,"column":45}},"4":{"start":{"line":29,"column":39},"end":{"line":29,"column":55}},"5":{"start":{"line":30,"column":4},"end":{"line":30,"column":41}},"6":{"start":{"line":32,"column":2},"end":{"line":32,"column":19}}},"fnMap":{"0":{"name":"paramLinkCompiler","decl":{"start":{"line":24,"column":16},"end":{"line":24,"column":33}},"loc":{"start":{"line":24,"column":50},"end":{"line":33,"column":1}},"line":24},"1":{"name":"(anonymous_1)","decl":{"start":{"line":27,"column":22},"end":{"line":27,"column":23}},"loc":{"start":{"line":27,"column":41},"end":{"line":31,"column":3}},"line":27}},"branchMap":{},"s":{"0":1,"1":1,"2":1,"3":3,"4":3,"5":3,"6":1},"f":{"0":1,"1":3},"b":{},"_coverageSchema":"1a1c01bbd47fc00a2c39e90264f33305004495a9","hash":"d29dd06a6eacee3cf505a6fde33dde8adda0178e"}
,"E:\\OtusProj\\Calendar\\src\\pages\\tasks_page\\requestTaskFromFB.ts": {"path":"E:\\OtusProj\\Calendar\\src\\pages\\tasks_page\\requestTaskFromFB.ts","statementMap":{"0":{"start":{"line":5,"column":13},"end":{"line":5,"column":23}},"1":{"start":{"line":8,"column":23},"end":{"line":8,"column":43}},"2":{"start":{"line":9,"column":2},"end":{"line":20,"column":3}},"3":{"start":{"line":10,"column":4},"end":{"line":10,"column":32}},"4":{"start":{"line":11,"column":4},"end":{"line":19,"column":6}},"5":{"start":{"line":21,"column":33},"end":{"line":21,"column":35}},"6":{"start":{"line":22,"column":22},"end":{"line":22,"column":50}},"7":{"start":{"line":23,"column":2},"end":{"line":25,"column":5}},"8":{"start":{"line":24,"column":4},"end":{"line":24,"column":26}},"9":{"start":{"line":26,"column":2},"end":{"line":26,"column":20}}},"fnMap":{"0":{"name":"requestTaskFromFB","decl":{"start":{"line":7,"column":22},"end":{"line":7,"column":39}},"loc":{"start":{"line":7,"column":42},"end":{"line":27,"column":1}},"line":7},"1":{"name":"(anonymous_1)","decl":{"start":{"line":23,"column":22},"end":{"line":23,"column":23}},"loc":{"start":{"line":23,"column":36},"end":{"line":25,"column":3}},"line":23}},"branchMap":{"0":{"loc":{"start":{"line":9,"column":2},"end":{"line":20,"column":3}},"type":"if","locations":[{"start":{"line":9,"column":2},"end":{"line":20,"column":3}},{"start":{},"end":{}}],"line":9}},"s":{"0":2,"1":2,"2":2,"3":1,"4":1,"5":1,"6":1,"7":1,"8":1,"9":1},"f":{"0":2,"1":1},"b":{"0":[1,1]},"_coverageSchema":"1a1c01bbd47fc00a2c39e90264f33305004495a9","hash":"b3fceab328aabbbee0866e21e246feede41ca06a"}
,"E:\\OtusProj\\Calendar\\src\\pages\\tasks_page\\tasksSortFilter.ts": {"path":"E:\\OtusProj\\Calendar\\src\\pages\\tasks_page\\tasksSortFilter.ts","statementMap":{"0":{"start":{"line":7,"column":19},"end":{"line":7,"column":40}},"1":{"start":{"line":8,"column":19},"end":{"line":8,"column":72}},"2":{"start":{"line":9,"column":21},"end":{"line":9,"column":76}},"3":{"start":{"line":10,"column":20},"end":{"line":12,"column":3}},"4":{"start":{"line":13,"column":21},"end":{"line":13,"column":76}},"5":{"start":{"line":15,"column":14},"end":{"line":15,"column":77}},"6":{"start":{"line":15,"column":49},"end":{"line":15,"column":76}},"7":{"start":{"line":17,"column":2},"end":{"line":17,"column":77}},"8":{"start":{"line":17,"column":25},"end":{"line":17,"column":77}},"9":{"start":{"line":17,"column":54},"end":{"line":17,"column":75}},"10":{"start":{"line":18,"column":2},"end":{"line":18,"column":75}},"11":{"start":{"line":18,"column":24},"end":{"line":18,"column":75}},"12":{"start":{"line":18,"column":53},"end":{"line":18,"column":73}},"13":{"start":{"line":19,"column":2},"end":{"line":19,"column":77}},"14":{"start":{"line":19,"column":26},"end":{"line":19,"column":77}},"15":{"start":{"line":19,"column":55},"end":{"line":19,"column":75}},"16":{"start":{"line":21,"column":2},"end":{"line":34,"column":3}},"17":{"start":{"line":22,"column":24},"end":{"line":24,"column":5}},"18":{"start":{"line":26,"column":6},"end":{"line":29,"column":13}},"19":{"start":{"line":30,"column":18},"end":{"line":32,"column":6}},"20":{"start":{"line":33,"column":4},"end":{"line":33,"column":57}},"21":{"start":{"line":35,"column":2},"end":{"line":35,"column":32}}},"fnMap":{"0":{"name":"tasksSortFilter","decl":{"start":{"line":6,"column":16},"end":{"line":6,"column":31}},"loc":{"start":{"line":6,"column":34},"end":{"line":36,"column":1}},"line":6},"1":{"name":"(anonymous_1)","decl":{"start":{"line":15,"column":39},"end":{"line":15,"column":40}},"loc":{"start":{"line":15,"column":49},"end":{"line":15,"column":76}},"line":15},"2":{"name":"(anonymous_2)","decl":{"start":{"line":17,"column":46},"end":{"line":17,"column":47}},"loc":{"start":{"line":17,"column":54},"end":{"line":17,"column":75}},"line":17},"3":{"name":"(anonymous_3)","decl":{"start":{"line":18,"column":45},"end":{"line":18,"column":46}},"loc":{"start":{"line":18,"column":53},"end":{"line":18,"column":73}},"line":18},"4":{"name":"(anonymous_4)","decl":{"start":{"line":19,"column":47},"end":{"line":19,"column":48}},"loc":{"start":{"line":19,"column":55},"end":{"line":19,"column":75}},"line":19}},"branchMap":{"0":{"loc":{"start":{"line":17,"column":2},"end":{"line":17,"column":77}},"type":"if","locations":[{"start":{"line":17,"column":2},"end":{"line":17,"column":77}},{"start":{},"end":{}}],"line":17},"1":{"loc":{"start":{"line":18,"column":2},"end":{"line":18,"column":75}},"type":"if","locations":[{"start":{"line":18,"column":2},"end":{"line":18,"column":75}},{"start":{},"end":{}}],"line":18},"2":{"loc":{"start":{"line":19,"column":2},"end":{"line":19,"column":77}},"type":"if","locations":[{"start":{"line":19,"column":2},"end":{"line":19,"column":77}},{"start":{},"end":{}}],"line":19},"3":{"loc":{"start":{"line":21,"column":2},"end":{"line":34,"column":3}},"type":"if","locations":[{"start":{"line":21,"column":2},"end":{"line":34,"column":3}},{"start":{},"end":{}}],"line":21}},"s":{"0":4,"1":4,"2":4,"3":4,"4":4,"5":4,"6":16,"7":4,"8":1,"9":3,"10":4,"11":1,"12":3,"13":4,"14":0,"15":0,"16":4,"17":1,"18":1,"19":1,"20":1,"21":4},"f":{"0":4,"1":16,"2":3,"3":3,"4":0},"b":{"0":[1,3],"1":[1,3],"2":[0,4],"3":[1,3]},"_coverageSchema":"1a1c01bbd47fc00a2c39e90264f33305004495a9","hash":"590d64d5e0d32eff11441ed47bcf4ed45a387da0"}
,"E:\\OtusProj\\Calendar\\src\\router\\router.ts": {"path":"E:\\OtusProj\\Calendar\\src\\router\\router.ts","statementMap":{"0":{"start":{"line":27,"column":30},"end":{"line":27,"column":32}},"1":{"start":{"line":28,"column":20},"end":{"line":28,"column":37}},"2":{"start":{"line":29,"column":21},"end":{"line":29,"column":23}},"3":{"start":{"line":31,"column":18},"end":{"line":34,"column":49}},"4":{"start":{"line":32,"column":4},"end":{"line":34,"column":49}},"5":{"start":{"line":36,"column":25},"end":{"line":52,"column":3}},"6":{"start":{"line":42,"column":17},"end":{"line":42,"column":68}},"7":{"start":{"line":43,"column":4},"end":{"line":51,"column":5}},"8":{"start":{"line":44,"column":6},"end":{"line":47,"column":7}},"9":{"start":{"line":45,"column":8},"end":{"line":45,"column":36}},"10":{"start":{"line":46,"column":8},"end":{"line":46,"column":30}},"11":{"start":{"line":48,"column":6},"end":{"line":50,"column":7}},"12":{"start":{"line":49,"column":8},"end":{"line":49,"column":30}},"13":{"start":{"line":54,"column":29},"end":{"line":65,"column":3}},"14":{"start":{"line":55,"column":21},"end":{"line":55,"column":46}},"15":{"start":{"line":55,"column":43},"end":{"line":55,"column":45}},"16":{"start":{"line":56,"column":18},"end":{"line":61,"column":5}},"17":{"start":{"line":57,"column":26},"end":{"line":57,"column":42}},"18":{"start":{"line":58,"column":6},"end":{"line":60,"column":7}},"19":{"start":{"line":59,"column":8},"end":{"line":59,"column":67}},"20":{"start":{"line":59,"column":49},"end":{"line":59,"column":65}},"21":{"start":{"line":62,"column":4},"end":{"line":64,"column":5}},"22":{"start":{"line":62,"column":17},"end":{"line":62,"column":18}},"23":{"start":{"line":63,"column":6},"end":{"line":63,"column":14}},"24":{"start":{"line":67,"column":21},"end":{"line":77,"column":3}},"25":{"start":{"line":68,"column":28},"end":{"line":69,"column":57}},"26":{"start":{"line":69,"column":6},"end":{"line":69,"column":57}},"27":{"start":{"line":70,"column":22},"end":{"line":70,"column":78}},"28":{"start":{"line":70,"column":38},"end":{"line":70,"column":78}},"29":{"start":{"line":70,"column":63},"end":{"line":70,"column":77}},"30":{"start":{"line":72,"column":13},"end":{"line":72,"column":30}},"31":{"start":{"line":73,"column":4},"end":{"line":75,"column":5}},"32":{"start":{"line":74,"column":6},"end":{"line":74,"column":29}},"33":{"start":{"line":76,"column":4},"end":{"line":76,"column":14}},"34":{"start":{"line":79,"column":13},"end":{"line":92,"column":3}},"35":{"start":{"line":85,"column":15},"end":{"line":85,"column":27}},"36":{"start":{"line":86,"column":31},"end":{"line":86,"column":77}},"37":{"start":{"line":87,"column":4},"end":{"line":87,"column":29}},"38":{"start":{"line":88,"column":4},"end":{"line":88,"column":29}},"39":{"start":{"line":89,"column":4},"end":{"line":91,"column":6}},"40":{"start":{"line":90,"column":6},"end":{"line":90,"column":57}},"41":{"start":{"line":90,"column":43},"end":{"line":90,"column":55}},"42":{"start":{"line":94,"column":13},"end":{"line":103,"column":3}},"43":{"start":{"line":95,"column":4},"end":{"line":99,"column":5}},"44":{"start":{"line":96,"column":6},"end":{"line":96,"column":26}},"45":{"start":{"line":98,"column":6},"end":{"line":98,"column":41}},"46":{"start":{"line":100,"column":4},"end":{"line":100,"column":31}},"47":{"start":{"line":101,"column":4},"end":{"line":101,"column":36}},"48":{"start":{"line":102,"column":4},"end":{"line":102,"column":25}},"49":{"start":{"line":105,"column":2},"end":{"line":109,"column":5}},"50":{"start":{"line":106,"column":4},"end":{"line":106,"column":31}},"51":{"start":{"line":107,"column":4},"end":{"line":107,"column":36}},"52":{"start":{"line":108,"column":4},"end":{"line":108,"column":25}},"53":{"start":{"line":111,"column":18},"end":{"line":111,"column":44}},"54":{"start":{"line":112,"column":22},"end":{"line":112,"column":79}},"55":{"start":{"line":113,"column":4},"end":{"line":113,"column":21}},"56":{"start":{"line":116,"column":2},"end":{"line":131,"column":5}},"57":{"start":{"line":117,"column":4},"end":{"line":119,"column":5}},"58":{"start":{"line":118,"column":6},"end":{"line":118,"column":13}},"59":{"start":{"line":120,"column":4},"end":{"line":122,"column":5}},"60":{"start":{"line":121,"column":6},"end":{"line":121,"column":13}},"61":{"start":{"line":123,"column":4},"end":{"line":123,"column":27}},"62":{"start":{"line":125,"column":16},"end":{"line":125,"column":70}},"63":{"start":{"line":127,"column":19},"end":{"line":127,"column":32}},"64":{"start":{"line":128,"column":4},"end":{"line":130,"column":5}},"65":{"start":{"line":129,"column":6},"end":{"line":129,"column":22}},"66":{"start":{"line":133,"column":2},"end":{"line":133,"column":16}}},"fnMap":{"0":{"name":"Router","decl":{"start":{"line":26,"column":16},"end":{"line":26,"column":22}},"loc":{"start":{"line":26,"column":40},"end":{"line":134,"column":1}},"line":26},"1":{"name":"(anonymous_1)","decl":{"start":{"line":31,"column":18},"end":{"line":31,"column":19}},"loc":{"start":{"line":32,"column":4},"end":{"line":34,"column":49}},"line":32},"2":{"name":"(anonymous_2)","decl":{"start":{"line":36,"column":25},"end":{"line":36,"column":26}},"loc":{"start":{"line":41,"column":18},"end":{"line":52,"column":3}},"line":41},"3":{"name":"(anonymous_3)","decl":{"start":{"line":54,"column":29},"end":{"line":54,"column":30}},"loc":{"start":{"line":54,"column":35},"end":{"line":65,"column":3}},"line":54},"4":{"name":"(anonymous_4)","decl":{"start":{"line":55,"column":35},"end":{"line":55,"column":36}},"loc":{"start":{"line":55,"column":43},"end":{"line":55,"column":45}},"line":55},"5":{"name":"(anonymous_5)","decl":{"start":{"line":56,"column":18},"end":{"line":56,"column":19}},"loc":{"start":{"line":56,"column":24},"end":{"line":61,"column":5}},"line":56},"6":{"name":"(anonymous_6)","decl":{"start":{"line":59,"column":42},"end":{"line":59,"column":43}},"loc":{"start":{"line":59,"column":49},"end":{"line":59,"column":65}},"line":59},"7":{"name":"(anonymous_7)","decl":{"start":{"line":67,"column":21},"end":{"line":67,"column":22}},"loc":{"start":{"line":67,"column":27},"end":{"line":77,"column":3}},"line":67},"8":{"name":"(anonymous_8)","decl":{"start":{"line":68,"column":28},"end":{"line":68,"column":29}},"loc":{"start":{"line":69,"column":6},"end":{"line":69,"column":57}},"line":69},"9":{"name":"(anonymous_9)","decl":{"start":{"line":70,"column":22},"end":{"line":70,"column":23}},"loc":{"start":{"line":70,"column":38},"end":{"line":70,"column":78}},"line":70},"10":{"name":"(anonymous_10)","decl":{"start":{"line":70,"column":53},"end":{"line":70,"column":54}},"loc":{"start":{"line":70,"column":63},"end":{"line":70,"column":77}},"line":70},"11":{"name":"(anonymous_11)","decl":{"start":{"line":79,"column":13},"end":{"line":79,"column":14}},"loc":{"start":{"line":84,"column":7},"end":{"line":92,"column":3}},"line":84},"12":{"name":"(anonymous_12)","decl":{"start":{"line":89,"column":11},"end":{"line":89,"column":12}},"loc":{"start":{"line":89,"column":17},"end":{"line":91,"column":5}},"line":89},"13":{"name":"(anonymous_13)","decl":{"start":{"line":90,"column":35},"end":{"line":90,"column":36}},"loc":{"start":{"line":90,"column":43},"end":{"line":90,"column":55}},"line":90},"14":{"name":"(anonymous_14)","decl":{"start":{"line":94,"column":13},"end":{"line":94,"column":14}},"loc":{"start":{"line":94,"column":46},"end":{"line":103,"column":3}},"line":94},"15":{"name":"(anonymous_15)","decl":{"start":{"line":105,"column":38},"end":{"line":105,"column":39}},"loc":{"start":{"line":105,"column":44},"end":{"line":109,"column":3}},"line":105},"16":{"name":"checkA","decl":{"start":{"line":110,"column":11},"end":{"line":110,"column":17}},"loc":{"start":{"line":110,"column":42},"end":{"line":114,"column":3}},"line":110},"17":{"name":"(anonymous_17)","decl":{"start":{"line":116,"column":42},"end":{"line":116,"column":43}},"loc":{"start":{"line":116,"column":53},"end":{"line":131,"column":3}},"line":116}},"branchMap":{"0":{"loc":{"start":{"line":32,"column":4},"end":{"line":34,"column":49}},"type":"binary-expr","locations":[{"start":{"line":32,"column":5},"end":{"line":32,"column":28}},{"start":{"line":32,"column":32},"end":{"line":32,"column":48}},{"start":{"line":33,"column":5},"end":{"line":33,"column":32}},{"start":{"line":33,"column":36},"end":{"line":33,"column":47}},{"start":{"line":34,"column":5},"end":{"line":34,"column":30}},{"start":{"line":34,"column":34},"end":{"line":34,"column":48}}],"line":32},"1":{"loc":{"start":{"line":43,"column":4},"end":{"line":51,"column":5}},"type":"if","locations":[{"start":{"line":43,"column":4},"end":{"line":51,"column":5}},{"start":{},"end":{}}],"line":43},"2":{"loc":{"start":{"line":43,"column":8},"end":{"line":43,"column":59}},"type":"binary-expr","locations":[{"start":{"line":43,"column":8},"end":{"line":43,"column":36}},{"start":{"line":43,"column":40},"end":{"line":43,"column":59}}],"line":43},"3":{"loc":{"start":{"line":44,"column":6},"end":{"line":47,"column":7}},"type":"if","locations":[{"start":{"line":44,"column":6},"end":{"line":47,"column":7}},{"start":{},"end":{}}],"line":44},"4":{"loc":{"start":{"line":48,"column":6},"end":{"line":50,"column":7}},"type":"if","locations":[{"start":{"line":48,"column":6},"end":{"line":50,"column":7}},{"start":{},"end":{}}],"line":48},"5":{"loc":{"start":{"line":58,"column":6},"end":{"line":60,"column":7}},"type":"if","locations":[{"start":{"line":58,"column":6},"end":{"line":60,"column":7}},{"start":{},"end":{}}],"line":58},"6":{"loc":{"start":{"line":95,"column":4},"end":{"line":99,"column":5}},"type":"if","locations":[{"start":{"line":95,"column":4},"end":{"line":99,"column":5}},{"start":{"line":97,"column":11},"end":{"line":99,"column":5}}],"line":95},"7":{"loc":{"start":{"line":95,"column":8},"end":{"line":95,"column":34}},"type":"binary-expr","locations":[{"start":{"line":95,"column":8},"end":{"line":95,"column":14}},{"start":{"line":95,"column":18},"end":{"line":95,"column":34}}],"line":95},"8":{"loc":{"start":{"line":112,"column":22},"end":{"line":112,"column":79}},"type":"binary-expr","locations":[{"start":{"line":112,"column":22},"end":{"line":112,"column":35}},{"start":{"line":112,"column":39},"end":{"line":112,"column":57}},{"start":{"line":112,"column":61},"end":{"line":112,"column":79}}],"line":112},"9":{"loc":{"start":{"line":117,"column":4},"end":{"line":119,"column":5}},"type":"if","locations":[{"start":{"line":117,"column":4},"end":{"line":119,"column":5}},{"start":{},"end":{}}],"line":117},"10":{"loc":{"start":{"line":120,"column":4},"end":{"line":122,"column":5}},"type":"if","locations":[{"start":{"line":120,"column":4},"end":{"line":122,"column":5}},{"start":{},"end":{}}],"line":120},"11":{"loc":{"start":{"line":128,"column":4},"end":{"line":130,"column":5}},"type":"if","locations":[{"start":{"line":128,"column":4},"end":{"line":130,"column":5}},{"start":{},"end":{}}],"line":128},"12":{"loc":{"start":{"line":128,"column":8},"end":{"line":128,"column":38}},"type":"binary-expr","locations":[{"start":{"line":128,"column":8},"end":{"line":128,"column":11}},{"start":{"line":128,"column":15},"end":{"line":128,"column":38}}],"line":128}},"s":{"0":4,"1":4,"2":4,"3":4,"4":86,"5":4,"6":83,"7":83,"8":43,"9":15,"10":15,"11":43,"12":22,"13":4,"14":48,"15":76,"16":48,"17":76,"18":76,"19":76,"20":0,"21":48,"22":48,"23":76,"24":4,"25":7,"26":7,"27":7,"28":7,"29":4,"30":7,"31":7,"32":0,"33":7,"34":4,"35":7,"36":7,"37":7,"38":7,"39":7,"40":0,"41":0,"42":4,"43":26,"44":6,"45":20,"46":26,"47":26,"48":26,"49":4,"50":22,"51":22,"52":22,"53":26,"54":26,"55":26,"56":4,"57":26,"58":0,"59":26,"60":0,"61":26,"62":26,"63":26,"64":26,"65":26,"66":4},"f":{"0":4,"1":86,"2":83,"3":48,"4":76,"5":76,"6":0,"7":7,"8":7,"9":7,"10":4,"11":7,"12":0,"13":0,"14":26,"15":22,"16":26,"17":26},"b":{"0":[86,22,76,38,61,26],"1":[43,40],"2":[83,40],"3":[15,28],"4":[22,21],"5":[76,0],"6":[6,20],"7":[26,6],"8":[26,16,7],"9":[0,26],"10":[0,26],"11":[26,0],"12":[26,26]},"_coverageSchema":"1a1c01bbd47fc00a2c39e90264f33305004495a9","hash":"504261cebbbb644e4bf63cb86a8ed232f7d21e34"}
,"E:\\OtusProj\\Calendar\\src\\store\\store.ts": {"path":"E:\\OtusProj\\Calendar\\src\\store\\store.ts","statementMap":{"0":{"start":{"line":4,"column":20},"end":{"line":6,"column":2}},"1":{"start":{"line":8,"column":26},"end":{"line":10,"column":2}}},"fnMap":{},"branchMap":{},"s":{"0":3,"1":3},"f":{},"b":{},"_coverageSchema":"1a1c01bbd47fc00a2c39e90264f33305004495a9","hash":"4af4c0efab4b0cff02c3440f28df20ebb9f67f0e"}
,"E:\\OtusProj\\Calendar\\src\\store\\reducers\\taskSlicer.ts": {"path":"E:\\OtusProj\\Calendar\\src\\store\\reducers\\taskSlicer.ts","statementMap":{"0":{"start":{"line":4,"column":32},"end":{"line":8,"column":1}},"1":{"start":{"line":10,"column":25},"end":{"line":36,"column":2}},"2":{"start":{"line":15,"column":6},"end":{"line":15,"column":39}},"3":{"start":{"line":18,"column":6},"end":{"line":18,"column":77}},"4":{"start":{"line":18,"column":49},"end":{"line":18,"column":75}},"5":{"start":{"line":19,"column":6},"end":{"line":19,"column":60}},"6":{"start":{"line":19,"column":47},"end":{"line":19,"column":58}},"7":{"start":{"line":22,"column":6},"end":{"line":22,"column":80}},"8":{"start":{"line":22,"column":49},"end":{"line":22,"column":78}},"9":{"start":{"line":23,"column":6},"end":{"line":23,"column":39}},"10":{"start":{"line":24,"column":6},"end":{"line":24,"column":60}},"11":{"start":{"line":24,"column":47},"end":{"line":24,"column":58}},"12":{"start":{"line":27,"column":6},"end":{"line":27,"column":80}},"13":{"start":{"line":27,"column":49},"end":{"line":27,"column":78}},"14":{"start":{"line":28,"column":6},"end":{"line":28,"column":39}},"15":{"start":{"line":29,"column":6},"end":{"line":29,"column":60}},"16":{"start":{"line":29,"column":47},"end":{"line":29,"column":58}},"17":{"start":{"line":32,"column":6},"end":{"line":32,"column":35}},"18":{"start":{"line":33,"column":6},"end":{"line":33,"column":29}}},"fnMap":{"0":{"name":"(anonymous_0)","decl":{"start":{"line":14,"column":13},"end":{"line":14,"column":14}},"loc":{"start":{"line":14,"column":57},"end":{"line":16,"column":5}},"line":14},"1":{"name":"(anonymous_1)","decl":{"start":{"line":17,"column":14},"end":{"line":17,"column":15}},"loc":{"start":{"line":17,"column":56},"end":{"line":20,"column":5}},"line":17},"2":{"name":"(anonymous_2)","decl":{"start":{"line":18,"column":39},"end":{"line":18,"column":40}},"loc":{"start":{"line":18,"column":49},"end":{"line":18,"column":75}},"line":18},"3":{"name":"(anonymous_3)","decl":{"start":{"line":19,"column":37},"end":{"line":19,"column":38}},"loc":{"start":{"line":19,"column":47},"end":{"line":19,"column":58}},"line":19},"4":{"name":"(anonymous_4)","decl":{"start":{"line":21,"column":16},"end":{"line":21,"column":17}},"loc":{"start":{"line":21,"column":60},"end":{"line":25,"column":5}},"line":21},"5":{"name":"(anonymous_5)","decl":{"start":{"line":22,"column":39},"end":{"line":22,"column":40}},"loc":{"start":{"line":22,"column":49},"end":{"line":22,"column":78}},"line":22},"6":{"name":"(anonymous_6)","decl":{"start":{"line":24,"column":37},"end":{"line":24,"column":38}},"loc":{"start":{"line":24,"column":47},"end":{"line":24,"column":58}},"line":24},"7":{"name":"(anonymous_7)","decl":{"start":{"line":26,"column":17},"end":{"line":26,"column":18}},"loc":{"start":{"line":26,"column":61},"end":{"line":30,"column":5}},"line":26},"8":{"name":"(anonymous_8)","decl":{"start":{"line":27,"column":39},"end":{"line":27,"column":40}},"loc":{"start":{"line":27,"column":49},"end":{"line":27,"column":78}},"line":27},"9":{"name":"(anonymous_9)","decl":{"start":{"line":29,"column":37},"end":{"line":29,"column":38}},"loc":{"start":{"line":29,"column":47},"end":{"line":29,"column":58}},"line":29},"10":{"name":"(anonymous_10)","decl":{"start":{"line":31,"column":24},"end":{"line":31,"column":25}},"loc":{"start":{"line":31,"column":70},"end":{"line":34,"column":5}},"line":31}},"branchMap":{},"s":{"0":4,"1":4,"2":1,"3":1,"4":1,"5":1,"6":0,"7":2,"8":2,"9":2,"10":2,"11":0,"12":0,"13":0,"14":0,"15":0,"16":0,"17":1,"18":1},"f":{"0":1,"1":1,"2":1,"3":0,"4":2,"5":2,"6":0,"7":0,"8":0,"9":0,"10":1},"b":{},"_coverageSchema":"1a1c01bbd47fc00a2c39e90264f33305004495a9","hash":"a6cc45f14da3a83070a7a418ee78a4d7d77c4034"}
}
