TN:
SF:src\FB\CRUD.ts
FN:16,(anonymous_0)
FN:20,(anonymous_1)
FN:26,(anonymous_2)
FN:29,(anonymous_3)
FN:35,(anonymous_4)
FN:36,(anonymous_5)
FN:39,(anonymous_6)
FN:42,(anonymous_7)
FN:43,(anonymous_8)
FN:46,(anonymous_9)
FN:52,(anonymous_10)
FN:53,(anonymous_11)
FNF:12
FNH:0
FNDA:0,(anonymous_0)
FNDA:0,(anonymous_1)
FNDA:0,(anonymous_2)
FNDA:0,(anonymous_3)
FNDA:0,(anonymous_4)
FNDA:0,(anonymous_5)
FNDA:0,(anonymous_6)
FNDA:0,(anonymous_7)
FNDA:0,(anonymous_8)
FNDA:0,(anonymous_9)
FNDA:0,(anonymous_10)
FNDA:0,(anonymous_11)
DA:17,0
DA:18,0
DA:21,0
DA:22,0
DA:24,0
DA:26,0
DA:30,0
DA:35,0
DA:36,0
DA:40,0
DA:42,0
DA:43,0
DA:47,0
DA:52,0
DA:53,0
LF:15
LH:0
BRDA:21,0,0,0
BRDA:21,0,1,0
BRF:2
BRH:0
end_of_record
TN:
SF:src\FB\memory\initialFB.ts
FN:25,(anonymous_0)
FNF:1
FNH:0
FNDA:0,(anonymous_0)
DA:4,1
DA:14,1
DA:16,1
DA:25,1
LF:4
LH:4
BRF:0
BRH:0
end_of_record
TN:
SF:src\taskCreator\curDate.ts
FN:1,curDate
FNF:1
FNH:1
FNDA:1,curDate
DA:2,1
DA:3,1
DA:4,1
DA:5,1
DA:6,1
DA:7,1
DA:8,1
LF:7
LH:7
BRDA:6,0,0,1
BRDA:6,0,1,0
BRDA:7,1,0,0
BRDA:7,1,1,1
BRF:4
BRH:2
end_of_record
TN:
SF:src\taskCreator\drawToDoList.ts
FN:3,drawToDoList
FN:9,(anonymous_1)
FN:13,(anonymous_2)
FNF:3
FNH:3
FNDA:3,drawToDoList
FNDA:1,(anonymous_1)
FNDA:3,(anonymous_2)
DA:4,3
DA:5,3
DA:6,1
DA:8,2
DA:9,1
DA:11,2
DA:13,3
DA:33,2
LF:8
LH:8
BRDA:4,0,0,3
BRDA:4,0,1,0
BRDA:5,1,0,1
BRDA:5,1,1,2
BRDA:5,2,0,3
BRDA:5,2,1,3
BRDA:14,3,0,1
BRDA:14,3,1,2
BRDA:30,4,0,2
BRDA:30,4,1,1
BRF:10
BRH:9
end_of_record
TN:
SF:src\taskCreator\statusFilter.ts
FN:4,statusFilter
FN:9,(anonymous_1)
FN:15,(anonymous_2)
FNF:3
FNH:1
FNDA:1,statusFilter
FNDA:0,(anonymous_1)
FNDA:0,(anonymous_2)
DA:5,1
DA:6,1
DA:7,1
DA:8,1
DA:9,0
DA:10,0
DA:11,0
DA:13,1
DA:14,0
DA:15,0
DA:17,0
DA:18,0
DA:20,1
DA:21,1
DA:22,1
LF:15
LH:8
BRDA:8,0,0,0
BRDA:8,0,1,1
BRDA:13,1,0,0
BRDA:13,1,1,1
BRDA:20,2,0,1
BRDA:20,2,1,0
BRF:6
BRH:3
end_of_record
TN:
SF:src\taskCreator\router\router.ts
FN:26,Router
FN:31,(anonymous_1)
FN:36,(anonymous_2)
FN:54,(anonymous_3)
FN:55,(anonymous_4)
FN:56,(anonymous_5)
FN:59,(anonymous_6)
FN:67,(anonymous_7)
FN:68,(anonymous_8)
FN:70,(anonymous_9)
FN:70,(anonymous_10)
FN:79,(anonymous_11)
FN:89,(anonymous_12)
FN:90,(anonymous_13)
FN:94,(anonymous_14)
FN:105,(anonymous_15)
FN:111,(anonymous_16)
FNF:17
FNH:14
FNDA:4,Router
FNDA:86,(anonymous_1)
FNDA:83,(anonymous_2)
FNDA:48,(anonymous_3)
FNDA:76,(anonymous_4)
FNDA:76,(anonymous_5)
FNDA:0,(anonymous_6)
FNDA:7,(anonymous_7)
FNDA:7,(anonymous_8)
FNDA:7,(anonymous_9)
FNDA:4,(anonymous_10)
FNDA:7,(anonymous_11)
FNDA:0,(anonymous_12)
FNDA:0,(anonymous_13)
FNDA:26,(anonymous_14)
FNDA:22,(anonymous_15)
FNDA:26,(anonymous_16)
DA:27,4
DA:28,4
DA:29,4
DA:31,4
DA:32,86
DA:36,4
DA:42,83
DA:43,83
DA:44,43
DA:45,14
DA:46,14
DA:48,43
DA:49,21
DA:54,4
DA:55,76
DA:56,48
DA:57,76
DA:58,76
DA:59,76
DA:62,48
DA:63,76
DA:67,4
DA:68,7
DA:69,7
DA:70,7
DA:72,7
DA:73,7
DA:74,0
DA:76,7
DA:79,4
DA:85,7
DA:86,7
DA:87,7
DA:88,7
DA:89,7
DA:90,0
DA:94,4
DA:95,26
DA:96,6
DA:98,20
DA:100,26
DA:101,26
DA:102,26
DA:105,4
DA:106,22
DA:107,22
DA:108,22
DA:111,4
DA:112,26
DA:113,0
DA:115,26
DA:117,26
DA:119,26
DA:120,26
DA:121,26
DA:125,4
LF:56
LH:53
BRDA:32,0,0,86
BRDA:32,0,1,22
BRDA:32,0,2,76
BRDA:32,0,3,38
BRDA:32,0,4,63
BRDA:32,0,5,26
BRDA:43,1,0,43
BRDA:43,1,1,40
BRDA:43,2,0,83
BRDA:43,2,1,40
BRDA:44,3,0,14
BRDA:44,3,1,29
BRDA:48,4,0,21
BRDA:48,4,1,22
BRDA:58,5,0,76
BRDA:58,5,1,0
BRDA:95,6,0,6
BRDA:95,6,1,20
BRDA:95,7,0,26
BRDA:95,7,1,6
BRDA:112,8,0,0
BRDA:112,8,1,26
BRDA:120,9,0,26
BRDA:120,9,1,0
BRDA:120,10,0,26
BRDA:120,10,1,26
BRF:26
BRH:23
end_of_record
